{"D:\\LHA\\skills-manager-client\\src\\components\\ImportSkillModal.tsx": {"path":"D:\\LHA\\skills-manager-client\\src\\components\\ImportSkillModal.tsx","statementMap":{"0":{"start":{"line":18,"column":32},"end":{"line":206,"column":null}},"1":{"start":{"line":19,"column":18},"end":{"line":19,"column":null}},"2":{"start":{"line":20,"column":20},"end":{"line":20,"column":null}},"3":{"start":{"line":21,"column":24},"end":{"line":21,"column":null}},"4":{"start":{"line":22,"column":44},"end":{"line":22,"column":null}},"5":{"start":{"line":23,"column":38},"end":{"line":23,"column":null}},"6":{"start":{"line":24,"column":8},"end":{"line":24,"column":null}},"7":{"start":{"line":25,"column":8},"end":{"line":25,"column":null}},"8":{"start":{"line":27,"column":2},"end":{"line":37,"column":null}},"9":{"start":{"line":28,"column":4},"end":{"line":36,"column":null}},"10":{"start":{"line":29,"column":6},"end":{"line":29,"column":null}},"11":{"start":{"line":30,"column":6},"end":{"line":30,"column":null}},"12":{"start":{"line":31,"column":6},"end":{"line":31,"column":null}},"13":{"start":{"line":32,"column":6},"end":{"line":32,"column":null}},"14":{"start":{"line":33,"column":4},"end":{"line":36,"column":null}},"15":{"start":{"line":34,"column":6},"end":{"line":34,"column":null}},"16":{"start":{"line":35,"column":6},"end":{"line":35,"column":null}},"17":{"start":{"line":39,"column":2},"end":{"line":46,"column":null}},"18":{"start":{"line":40,"column":4},"end":{"line":45,"column":null}},"19":{"start":{"line":41,"column":6},"end":{"line":44,"column":null}},"20":{"start":{"line":42,"column":8},"end":{"line":42,"column":null}},"21":{"start":{"line":43,"column":8},"end":{"line":43,"column":null}},"22":{"start":{"line":48,"column":22},"end":{"line":53,"column":null}},"23":{"start":{"line":49,"column":4},"end":{"line":49,"column":null}},"24":{"start":{"line":49,"column":16},"end":{"line":49,"column":null}},"25":{"start":{"line":51,"column":24},"end":{"line":51,"column":null}},"26":{"start":{"line":52,"column":4},"end":{"line":52,"column":null}},"27":{"start":{"line":55,"column":31},"end":{"line":67,"column":null}},"28":{"start":{"line":56,"column":4},"end":{"line":58,"column":null}},"29":{"start":{"line":57,"column":6},"end":{"line":57,"column":null}},"30":{"start":{"line":59,"column":18},"end":{"line":59,"column":null}},"31":{"start":{"line":60,"column":4},"end":{"line":60,"column":null}},"32":{"start":{"line":61,"column":4},"end":{"line":61,"column":null}},"33":{"start":{"line":62,"column":4},"end":{"line":66,"column":null}},"34":{"start":{"line":63,"column":20},"end":{"line":63,"column":null}},"35":{"start":{"line":64,"column":6},"end":{"line":64,"column":null}},"36":{"start":{"line":65,"column":6},"end":{"line":65,"column":null}},"37":{"start":{"line":69,"column":30},"end":{"line":74,"column":null}},"38":{"start":{"line":70,"column":4},"end":{"line":73,"column":null}},"39":{"start":{"line":71,"column":6},"end":{"line":71,"column":null}},"40":{"start":{"line":72,"column":6},"end":{"line":72,"column":null}},"41":{"start":{"line":76,"column":24},"end":{"line":131,"column":null}},"42":{"start":{"line":77,"column":4},"end":{"line":80,"column":null}},"43":{"start":{"line":78,"column":6},"end":{"line":78,"column":null}},"44":{"start":{"line":79,"column":6},"end":{"line":79,"column":null}},"45":{"start":{"line":82,"column":4},"end":{"line":82,"column":null}},"46":{"start":{"line":85,"column":22},"end":{"line":85,"column":null}},"47":{"start":{"line":89,"column":40},"end":{"line":103,"column":null}},"48":{"start":{"line":105,"column":4},"end":{"line":130,"column":null}},"49":{"start":{"line":106,"column":6},"end":{"line":106,"column":null}},"50":{"start":{"line":107,"column":6},"end":{"line":107,"column":null}},"51":{"start":{"line":108,"column":6},"end":{"line":108,"column":null}},"52":{"start":{"line":109,"column":6},"end":{"line":109,"column":null}},"53":{"start":{"line":110,"column":6},"end":{"line":110,"column":null}},"54":{"start":{"line":111,"column":6},"end":{"line":111,"column":null}},"55":{"start":{"line":113,"column":6},"end":{"line":113,"column":null}},"56":{"start":{"line":116,"column":27},"end":{"line":116,"column":null}},"57":{"start":{"line":119,"column":6},"end":{"line":123,"column":null}},"58":{"start":{"line":120,"column":8},"end":{"line":120,"column":null}},"59":{"start":{"line":122,"column":8},"end":{"line":122,"column":null}},"60":{"start":{"line":125,"column":6},"end":{"line":125,"column":null}},"61":{"start":{"line":126,"column":6},"end":{"line":129,"column":null}},"62":{"start":{"line":127,"column":8},"end":{"line":127,"column":null}},"63":{"start":{"line":128,"column":8},"end":{"line":128,"column":null}},"64":{"start":{"line":133,"column":2},"end":{"line":204,"column":null}},"65":{"start":{"line":171,"column":12},"end":{"line":171,"column":null}},"66":{"start":{"line":172,"column":12},"end":{"line":172,"column":null}},"67":{"start":{"line":172,"column":23},"end":{"line":172,"column":null}}},"fnMap":{"0":{"name":"(anonymous_0)","decl":{"start":{"line":18,"column":32},"end":{"line":18,"column":33}},"loc":{"start":{"line":18,"column":92},"end":{"line":206,"column":null}},"line":18},"1":{"name":"(anonymous_1)","decl":{"start":{"line":27,"column":12},"end":{"line":27,"column":18}},"loc":{"start":{"line":27,"column":18},"end":{"line":37,"column":5}},"line":27},"2":{"name":"(anonymous_2)","decl":{"start":{"line":39,"column":12},"end":{"line":39,"column":18}},"loc":{"start":{"line":39,"column":18},"end":{"line":46,"column":5}},"line":39},"3":{"name":"(anonymous_3)","decl":{"start":{"line":40,"column":11},"end":{"line":40,"column":17}},"loc":{"start":{"line":40,"column":17},"end":{"line":45,"column":null}},"line":40},"4":{"name":"(anonymous_4)","decl":{"start":{"line":48,"column":22},"end":{"line":48,"column":23}},"loc":{"start":{"line":48,"column":41},"end":{"line":53,"column":null}},"line":48},"5":{"name":"(anonymous_5)","decl":{"start":{"line":55,"column":31},"end":{"line":55,"column":37}},"loc":{"start":{"line":55,"column":37},"end":{"line":67,"column":null}},"line":55},"6":{"name":"(anonymous_6)","decl":{"start":{"line":62,"column":49},"end":{"line":62,"column":55}},"loc":{"start":{"line":62,"column":55},"end":{"line":66,"column":7}},"line":62},"7":{"name":"(anonymous_7)","decl":{"start":{"line":69,"column":30},"end":{"line":69,"column":36}},"loc":{"start":{"line":69,"column":36},"end":{"line":74,"column":null}},"line":69},"8":{"name":"(anonymous_8)","decl":{"start":{"line":76,"column":24},"end":{"line":76,"column":36}},"loc":{"start":{"line":76,"column":36},"end":{"line":131,"column":null}},"line":76},"9":{"name":"(anonymous_9)","decl":{"start":{"line":126,"column":24},"end":{"line":126,"column":30}},"loc":{"start":{"line":126,"column":30},"end":{"line":129,"column":9}},"line":126},"10":{"name":"(anonymous_10)","decl":{"start":{"line":170,"column":20},"end":{"line":170,"column":21}},"loc":{"start":{"line":170,"column":27},"end":{"line":173,"column":null}},"line":170}},"branchMap":{"0":{"loc":{"start":{"line":20,"column":33},"end":{"line":20,"column":49}},"type":"binary-expr","locations":[{"start":{"line":20,"column":33},"end":{"line":20,"column":47}},{"start":{"line":20,"column":47},"end":{"line":20,"column":49}}],"line":20},"1":{"loc":{"start":{"line":28,"column":4},"end":{"line":36,"column":null}},"type":"if","locations":[{"start":{"line":28,"column":4},"end":{"line":36,"column":null}},{"start":{"line":33,"column":4},"end":{"line":36,"column":null}}],"line":28},"2":{"loc":{"start":{"line":29,"column":13},"end":{"line":29,"column":29}},"type":"binary-expr","locations":[{"start":{"line":29,"column":13},"end":{"line":29,"column":27}},{"start":{"line":29,"column":27},"end":{"line":29,"column":29}}],"line":29},"3":{"loc":{"start":{"line":33,"column":4},"end":{"line":36,"column":null}},"type":"if","locations":[{"start":{"line":33,"column":4},"end":{"line":36,"column":null}},{"start":{},"end":{}}],"line":33},"4":{"loc":{"start":{"line":41,"column":6},"end":{"line":44,"column":null}},"type":"if","locations":[{"start":{"line":41,"column":6},"end":{"line":44,"column":null}},{"start":{},"end":{}}],"line":41},"5":{"loc":{"start":{"line":49,"column":4},"end":{"line":49,"column":null}},"type":"if","locations":[{"start":{"line":49,"column":4},"end":{"line":49,"column":null}},{"start":{},"end":{}}],"line":49},"6":{"loc":{"start":{"line":56,"column":4},"end":{"line":58,"column":null}},"type":"if","locations":[{"start":{"line":56,"column":4},"end":{"line":58,"column":null}},{"start":{},"end":{}}],"line":56},"7":{"loc":{"start":{"line":70,"column":4},"end":{"line":73,"column":null}},"type":"if","locations":[{"start":{"line":70,"column":4},"end":{"line":73,"column":null}},{"start":{},"end":{}}],"line":70},"8":{"loc":{"start":{"line":77,"column":4},"end":{"line":80,"column":null}},"type":"if","locations":[{"start":{"line":77,"column":4},"end":{"line":80,"column":null}},{"start":{},"end":{}}],"line":77},"9":{"loc":{"start":{"line":78,"column":47},"end":{"line":78,"column":140}},"type":"cond-expr","locations":[{"start":{"line":78,"column":72},"end":{"line":78,"column":95}},{"start":{"line":78,"column":95},"end":{"line":78,"column":140}}],"line":78},"10":{"loc":{"start":{"line":85,"column":22},"end":{"line":85,"column":null}},"type":"binary-expr","locations":[{"start":{"line":85,"column":22},"end":{"line":85,"column":85}},{"start":{"line":85,"column":85},"end":{"line":85,"column":null}}],"line":85},"11":{"loc":{"start":{"line":109,"column":20},"end":{"line":109,"column":106}},"type":"cond-expr","locations":[{"start":{"line":109,"column":45},"end":{"line":109,"column":68}},{"start":{"line":109,"column":68},"end":{"line":109,"column":106}}],"line":109},"12":{"loc":{"start":{"line":116,"column":27},"end":{"line":116,"column":null}},"type":"cond-expr","locations":[{"start":{"line":116,"column":50},"end":{"line":116,"column":64}},{"start":{"line":116,"column":64},"end":{"line":116,"column":null}}],"line":116},"13":{"loc":{"start":{"line":119,"column":6},"end":{"line":123,"column":null}},"type":"if","locations":[{"start":{"line":119,"column":6},"end":{"line":123,"column":null}},{"start":{"line":121,"column":13},"end":{"line":123,"column":null}}],"line":119},"14":{"loc":{"start":{"line":120,"column":17},"end":{"line":120,"column":133}},"type":"cond-expr","locations":[{"start":{"line":120,"column":42},"end":{"line":120,"column":64}},{"start":{"line":120,"column":64},"end":{"line":120,"column":133}}],"line":120},"15":{"loc":{"start":{"line":122,"column":17},"end":{"line":122,"column":106}},"type":"cond-expr","locations":[{"start":{"line":122,"column":42},"end":{"line":122,"column":68}},{"start":{"line":122,"column":68},"end":{"line":122,"column":106}}],"line":122},"16":{"loc":{"start":{"line":137,"column":52},"end":{"line":137,"column":119}},"type":"cond-expr","locations":[{"start":{"line":137,"column":77},"end":{"line":137,"column":97}},{"start":{"line":137,"column":97},"end":{"line":137,"column":119}}],"line":137},"17":{"loc":{"start":{"line":140,"column":62},"end":{"line":140,"column":null}},"type":"binary-expr","locations":[{"start":{"line":140,"column":62},"end":{"line":140,"column":91}},{"start":{"line":140,"column":91},"end":{"line":140,"column":null}}],"line":140},"18":{"loc":{"start":{"line":141,"column":41},"end":{"line":141,"column":82}},"type":"cond-expr","locations":[{"start":{"line":141,"column":66},"end":{"line":141,"column":73}},{"start":{"line":141,"column":73},"end":{"line":141,"column":82}}],"line":141},"19":{"loc":{"start":{"line":147,"column":22},"end":{"line":147,"column":null}},"type":"binary-expr","locations":[{"start":{"line":147,"column":22},"end":{"line":147,"column":30}},{"start":{"line":147,"column":30},"end":{"line":147,"column":41}},{"start":{"line":147,"column":41},"end":{"line":147,"column":null}}],"line":147},"20":{"loc":{"start":{"line":150,"column":51},"end":{"line":150,"column":105}},"type":"cond-expr","locations":[{"start":{"line":150,"column":76},"end":{"line":150,"column":86}},{"start":{"line":150,"column":86},"end":{"line":150,"column":105}}],"line":150},"21":{"loc":{"start":{"line":159,"column":57},"end":{"line":161,"column":168}},"type":"cond-expr","locations":[{"start":{"line":160,"column":22},"end":{"line":160,"column":null}},{"start":{"line":161,"column":22},"end":{"line":161,"column":168}}],"line":159},"22":{"loc":{"start":{"line":167,"column":52},"end":{"line":167,"column":117}},"type":"cond-expr","locations":[{"start":{"line":167,"column":77},"end":{"line":167,"column":93}},{"start":{"line":167,"column":93},"end":{"line":167,"column":117}}],"line":167},"23":{"loc":{"start":{"line":172,"column":12},"end":{"line":172,"column":null}},"type":"if","locations":[{"start":{"line":172,"column":12},"end":{"line":172,"column":null}},{"start":{},"end":{}}],"line":172},"24":{"loc":{"start":{"line":175,"column":20},"end":{"line":175,"column":null}},"type":"binary-expr","locations":[{"start":{"line":175,"column":20},"end":{"line":175,"column":49}},{"start":{"line":175,"column":49},"end":{"line":175,"column":null}}],"line":175},"25":{"loc":{"start":{"line":179,"column":9},"end":{"line":196,"column":null}},"type":"binary-expr","locations":[{"start":{"line":179,"column":9},"end":{"line":179,"column":null}},{"start":{"line":180,"column":10},"end":{"line":196,"column":null}}],"line":179},"26":{"loc":{"start":{"line":182,"column":15},"end":{"line":182,"column":null}},"type":"cond-expr","locations":[{"start":{"line":182,"column":40},"end":{"line":182,"column":53}},{"start":{"line":182,"column":53},"end":{"line":182,"column":null}}],"line":182},"27":{"loc":{"start":{"line":189,"column":21},"end":{"line":189,"column":null}},"type":"cond-expr","locations":[{"start":{"line":189,"column":46},"end":{"line":189,"column":55}},{"start":{"line":189,"column":55},"end":{"line":189,"column":null}}],"line":189},"28":{"loc":{"start":{"line":192,"column":15},"end":{"line":194,"column":null}},"type":"cond-expr","locations":[{"start":{"line":193,"column":18},"end":{"line":193,"column":null}},{"start":{"line":194,"column":18},"end":{"line":194,"column":null}}],"line":192},"29":{"loc":{"start":{"line":200,"column":42},"end":{"line":200,"column":86}},"type":"cond-expr","locations":[{"start":{"line":200,"column":67},"end":{"line":200,"column":75}},{"start":{"line":200,"column":75},"end":{"line":200,"column":86}}],"line":200}},"s":{"0":1,"1":82,"2":82,"3":82,"4":82,"5":82,"6":82,"7":82,"8":82,"9":7,"10":6,"11":6,"12":6,"13":6,"14":1,"15":0,"16":0,"17":82,"18":7,"19":7,"20":0,"21":0,"22":82,"23":3,"24":0,"25":3,"26":3,"27":82,"28":2,"29":0,"30":2,"31":2,"32":2,"33":2,"34":0,"35":0,"36":0,"37":82,"38":2,"39":2,"40":2,"41":82,"42":3,"43":1,"44":1,"45":2,"46":2,"47":3,"48":3,"49":3,"50":3,"51":1,"52":1,"53":3,"54":3,"55":1,"56":1,"57":1,"58":0,"59":1,"60":2,"61":2,"62":1,"63":1,"64":82,"65":67,"66":67,"67":0},"f":{"0":82,"1":7,"2":7,"3":7,"4":3,"5":2,"6":0,"7":2,"8":3,"9":1,"10":67},"b":{"0":[82,81],"1":[6,1],"2":[6,5],"3":[0,1],"4":[0,7],"5":[0,3],"6":[0,2],"7":[2,0],"8":[1,2],"9":[0,1],"10":[2,0],"11":[0,1],"12":[1,0],"13":[0,1],"14":[0,0],"15":[0,1],"16":[0,82],"17":[82,82],"18":[0,82],"19":[82,75,73],"20":[0,82],"21":[0,82],"22":[0,82],"23":[0,67],"24":[82,82],"25":[82,4],"26":[0,4],"27":[0,4],"28":[0,4],"29":[0,82]},"meta":{"lastBranch":30,"lastFunction":11,"lastStatement":68,"seen":{"s:18:32:206:Infinity":0,"f:18:32:18:33":0,"s:19:18:19:Infinity":1,"s:20:20:20:Infinity":2,"b:20:33:20:47:20:47:20:49":0,"s:21:24:21:Infinity":3,"s:22:44:22:Infinity":4,"s:23:38:23:Infinity":5,"s:24:8:24:Infinity":6,"s:25:8:25:Infinity":7,"s:27:2:37:Infinity":8,"f:27:12:27:18":1,"b:28:4:36:Infinity:33:4:36:Infinity":1,"s:28:4:36:Infinity":9,"s:29:6:29:Infinity":10,"b:29:13:29:27:29:27:29:29":2,"s:30:6:30:Infinity":11,"s:31:6:31:Infinity":12,"s:32:6:32:Infinity":13,"b:33:4:36:Infinity:undefined:undefined:undefined:undefined":3,"s:33:4:36:Infinity":14,"s:34:6:34:Infinity":15,"s:35:6:35:Infinity":16,"s:39:2:46:Infinity":17,"f:39:12:39:18":2,"s:40:4:45:Infinity":18,"f:40:11:40:17":3,"b:41:6:44:Infinity:undefined:undefined:undefined:undefined":4,"s:41:6:44:Infinity":19,"s:42:8:42:Infinity":20,"s:43:8:43:Infinity":21,"s:48:22:53:Infinity":22,"f:48:22:48:23":4,"b:49:4:49:Infinity:undefined:undefined:undefined:undefined":5,"s:49:4:49:Infinity":23,"s:49:16:49:Infinity":24,"s:51:24:51:Infinity":25,"s:52:4:52:Infinity":26,"s:55:31:67:Infinity":27,"f:55:31:55:37":5,"b:56:4:58:Infinity:undefined:undefined:undefined:undefined":6,"s:56:4:58:Infinity":28,"s:57:6:57:Infinity":29,"s:59:18:59:Infinity":30,"s:60:4:60:Infinity":31,"s:61:4:61:Infinity":32,"s:62:4:66:Infinity":33,"f:62:49:62:55":6,"s:63:20:63:Infinity":34,"s:64:6:64:Infinity":35,"s:65:6:65:Infinity":36,"s:69:30:74:Infinity":37,"f:69:30:69:36":7,"b:70:4:73:Infinity:undefined:undefined:undefined:undefined":7,"s:70:4:73:Infinity":38,"s:71:6:71:Infinity":39,"s:72:6:72:Infinity":40,"s:76:24:131:Infinity":41,"f:76:24:76:36":8,"b:77:4:80:Infinity:undefined:undefined:undefined:undefined":8,"s:77:4:80:Infinity":42,"s:78:6:78:Infinity":43,"b:78:72:78:95:78:95:78:140":9,"s:79:6:79:Infinity":44,"s:82:4:82:Infinity":45,"s:85:22:85:Infinity":46,"b:85:22:85:85:85:85:85:Infinity":10,"s:89:40:103:Infinity":47,"s:105:4:130:Infinity":48,"s:106:6:106:Infinity":49,"s:107:6:107:Infinity":50,"s:108:6:108:Infinity":51,"s:109:6:109:Infinity":52,"b:109:45:109:68:109:68:109:106":11,"s:110:6:110:Infinity":53,"s:111:6:111:Infinity":54,"s:113:6:113:Infinity":55,"s:116:27:116:Infinity":56,"b:116:50:116:64:116:64:116:Infinity":12,"b:119:6:123:Infinity:121:13:123:Infinity":13,"s:119:6:123:Infinity":57,"s:120:8:120:Infinity":58,"b:120:42:120:64:120:64:120:133":14,"s:122:8:122:Infinity":59,"b:122:42:122:68:122:68:122:106":15,"s:125:6:125:Infinity":60,"s:126:6:129:Infinity":61,"f:126:24:126:30":9,"s:127:8:127:Infinity":62,"s:128:8:128:Infinity":63,"s:133:2:204:Infinity":64,"b:137:77:137:97:137:97:137:119":16,"b:140:62:140:91:140:91:140:Infinity":17,"b:141:66:141:73:141:73:141:82":18,"b:147:22:147:30:147:30:147:41:147:41:147:Infinity":19,"b:150:76:150:86:150:86:150:105":20,"b:160:22:160:Infinity:161:22:161:168":21,"b:167:77:167:93:167:93:167:117":22,"f:170:20:170:21":10,"s:171:12:171:Infinity":65,"b:172:12:172:Infinity:undefined:undefined:undefined:undefined":23,"s:172:12:172:Infinity":66,"s:172:23:172:Infinity":67,"b:175:20:175:49:175:49:175:Infinity":24,"b:179:9:179:Infinity:180:10:196:Infinity":25,"b:182:40:182:53:182:53:182:Infinity":26,"b:189:46:189:55:189:55:189:Infinity":27,"b:193:18:193:Infinity:194:18:194:Infinity":28,"b:200:67:200:75:200:75:200:86":29}}}
,"D:\\LHA\\skills-manager-client\\src\\components\\SecurityReportCard.tsx": {"path":"D:\\LHA\\skills-manager-client\\src\\components\\SecurityReportCard.tsx","statementMap":{"0":{"start":{"line":5,"column":20},"end":{"line":13,"column":null}},"1":{"start":{"line":6,"column":100},"end":{"line":11,"column":null}},"2":{"start":{"line":12,"column":2},"end":{"line":12,"column":null}},"3":{"start":{"line":21,"column":30},"end":{"line":21,"column":null}},"4":{"start":{"line":23,"column":2},"end":{"line":34,"column":null}},"5":{"start":{"line":24,"column":4},"end":{"line":32,"column":null}},"6":{"start":{"line":36,"column":2},"end":{"line":38,"column":null}},"7":{"start":{"line":37,"column":4},"end":{"line":37,"column":null}},"8":{"start":{"line":40,"column":24},"end":{"line":45,"column":null}},"9":{"start":{"line":41,"column":4},"end":{"line":41,"column":null}},"10":{"start":{"line":41,"column":21},"end":{"line":41,"column":null}},"11":{"start":{"line":42,"column":4},"end":{"line":42,"column":null}},"12":{"start":{"line":42,"column":21},"end":{"line":42,"column":null}},"13":{"start":{"line":43,"column":4},"end":{"line":43,"column":null}},"14":{"start":{"line":43,"column":21},"end":{"line":43,"column":null}},"15":{"start":{"line":44,"column":4},"end":{"line":44,"column":null}},"16":{"start":{"line":47,"column":24},"end":{"line":52,"column":null}},"17":{"start":{"line":48,"column":4},"end":{"line":48,"column":null}},"18":{"start":{"line":48,"column":21},"end":{"line":48,"column":null}},"19":{"start":{"line":49,"column":4},"end":{"line":49,"column":null}},"20":{"start":{"line":49,"column":21},"end":{"line":49,"column":null}},"21":{"start":{"line":50,"column":4},"end":{"line":50,"column":null}},"22":{"start":{"line":50,"column":21},"end":{"line":50,"column":null}},"23":{"start":{"line":51,"column":4},"end":{"line":51,"column":null}},"24":{"start":{"line":54,"column":23},"end":{"line":63,"column":null}},"25":{"start":{"line":55,"column":19},"end":{"line":61,"column":null}},"26":{"start":{"line":62,"column":4},"end":{"line":62,"column":null}},"27":{"start":{"line":65,"column":26},"end":{"line":79,"column":null}},"28":{"start":{"line":66,"column":27},"end":{"line":66,"column":null}},"29":{"start":{"line":67,"column":4},"end":{"line":78,"column":null}},"30":{"start":{"line":69,"column":8},"end":{"line":69,"column":null}},"31":{"start":{"line":71,"column":8},"end":{"line":71,"column":null}},"32":{"start":{"line":73,"column":8},"end":{"line":73,"column":null}},"33":{"start":{"line":75,"column":8},"end":{"line":75,"column":null}},"34":{"start":{"line":77,"column":8},"end":{"line":77,"column":null}},"35":{"start":{"line":81,"column":26},"end":{"line":89,"column":null}},"36":{"start":{"line":82,"column":66},"end":{"line":87,"column":null}},"37":{"start":{"line":88,"column":4},"end":{"line":88,"column":null}},"38":{"start":{"line":91,"column":2},"end":{"line":219,"column":null}},"39":{"start":{"line":96,"column":23},"end":{"line":96,"column":null}},"40":{"start":{"line":131,"column":18},"end":{"line":133,"column":null}},"41":{"start":{"line":149,"column":16},"end":{"line":152,"column":null}},"42":{"start":{"line":169,"column":18},"end":{"line":203,"column":null}}},"fnMap":{"0":{"name":"(anonymous_0)","decl":{"start":{"line":5,"column":20},"end":{"line":5,"column":21}},"loc":{"start":{"line":5,"column":104},"end":{"line":13,"column":null}},"line":5},"1":{"name":"SecurityReportCard","decl":{"start":{"line":20,"column":24},"end":{"line":20,"column":43}},"loc":{"start":{"line":20,"column":89},"end":{"line":221,"column":null}},"line":20},"2":{"name":"(anonymous_2)","decl":{"start":{"line":40,"column":24},"end":{"line":40,"column":25}},"loc":{"start":{"line":40,"column":43},"end":{"line":45,"column":null}},"line":40},"3":{"name":"(anonymous_3)","decl":{"start":{"line":47,"column":24},"end":{"line":47,"column":25}},"loc":{"start":{"line":47,"column":43},"end":{"line":52,"column":null}},"line":47},"4":{"name":"(anonymous_4)","decl":{"start":{"line":54,"column":23},"end":{"line":54,"column":24}},"loc":{"start":{"line":54,"column":49},"end":{"line":63,"column":null}},"line":54},"5":{"name":"(anonymous_5)","decl":{"start":{"line":65,"column":26},"end":{"line":65,"column":27}},"loc":{"start":{"line":65,"column":67},"end":{"line":79,"column":null}},"line":65},"6":{"name":"(anonymous_6)","decl":{"start":{"line":81,"column":26},"end":{"line":81,"column":27}},"loc":{"start":{"line":81,"column":67},"end":{"line":89,"column":null}},"line":81},"7":{"name":"(anonymous_7)","decl":{"start":{"line":96,"column":17},"end":{"line":96,"column":23}},"loc":{"start":{"line":96,"column":23},"end":{"line":96,"column":null}},"line":96},"8":{"name":"(anonymous_8)","decl":{"start":{"line":130,"column":48},"end":{"line":130,"column":49}},"loc":{"start":{"line":131,"column":18},"end":{"line":133,"column":null}},"line":131},"9":{"name":"(anonymous_9)","decl":{"start":{"line":148,"column":42},"end":{"line":148,"column":43}},"loc":{"start":{"line":149,"column":16},"end":{"line":152,"column":null}},"line":149},"10":{"name":"(anonymous_10)","decl":{"start":{"line":168,"column":35},"end":{"line":168,"column":36}},"loc":{"start":{"line":169,"column":18},"end":{"line":203,"column":null}},"line":169}},"branchMap":{"0":{"loc":{"start":{"line":12,"column":9},"end":{"line":12,"column":null}},"type":"binary-expr","locations":[{"start":{"line":12,"column":9},"end":{"line":12,"column":34}},{"start":{"line":12,"column":34},"end":{"line":12,"column":null}}],"line":12},"1":{"loc":{"start":{"line":23,"column":2},"end":{"line":34,"column":null}},"type":"if","locations":[{"start":{"line":23,"column":2},"end":{"line":34,"column":null}},{"start":{},"end":{}}],"line":23},"2":{"loc":{"start":{"line":36,"column":2},"end":{"line":38,"column":null}},"type":"if","locations":[{"start":{"line":36,"column":2},"end":{"line":38,"column":null}},{"start":{},"end":{}}],"line":36},"3":{"loc":{"start":{"line":41,"column":4},"end":{"line":41,"column":null}},"type":"if","locations":[{"start":{"line":41,"column":4},"end":{"line":41,"column":null}},{"start":{},"end":{}}],"line":41},"4":{"loc":{"start":{"line":42,"column":4},"end":{"line":42,"column":null}},"type":"if","locations":[{"start":{"line":42,"column":4},"end":{"line":42,"column":null}},{"start":{},"end":{}}],"line":42},"5":{"loc":{"start":{"line":43,"column":4},"end":{"line":43,"column":null}},"type":"if","locations":[{"start":{"line":43,"column":4},"end":{"line":43,"column":null}},{"start":{},"end":{}}],"line":43},"6":{"loc":{"start":{"line":48,"column":4},"end":{"line":48,"column":null}},"type":"if","locations":[{"start":{"line":48,"column":4},"end":{"line":48,"column":null}},{"start":{},"end":{}}],"line":48},"7":{"loc":{"start":{"line":49,"column":4},"end":{"line":49,"column":null}},"type":"if","locations":[{"start":{"line":49,"column":4},"end":{"line":49,"column":null}},{"start":{},"end":{}}],"line":49},"8":{"loc":{"start":{"line":50,"column":4},"end":{"line":50,"column":null}},"type":"if","locations":[{"start":{"line":50,"column":4},"end":{"line":50,"column":null}},{"start":{},"end":{}}],"line":50},"9":{"loc":{"start":{"line":62,"column":11},"end":{"line":62,"column":null}},"type":"binary-expr","locations":[{"start":{"line":62,"column":11},"end":{"line":62,"column":28}},{"start":{"line":62,"column":28},"end":{"line":62,"column":null}}],"line":62},"10":{"loc":{"start":{"line":67,"column":4},"end":{"line":78,"column":null}},"type":"switch","locations":[{"start":{"line":68,"column":6},"end":{"line":69,"column":null}},{"start":{"line":70,"column":6},"end":{"line":71,"column":null}},{"start":{"line":72,"column":6},"end":{"line":73,"column":null}},{"start":{"line":74,"column":6},"end":{"line":75,"column":null}},{"start":{"line":76,"column":6},"end":{"line":77,"column":null}}],"line":67},"11":{"loc":{"start":{"line":88,"column":11},"end":{"line":88,"column":null}},"type":"binary-expr","locations":[{"start":{"line":88,"column":11},"end":{"line":88,"column":35}},{"start":{"line":88,"column":35},"end":{"line":88,"column":null}}],"line":88},"12":{"loc":{"start":{"line":116,"column":11},"end":{"line":116,"column":null}},"type":"cond-expr","locations":[{"start":{"line":116,"column":22},"end":{"line":116,"column":48}},{"start":{"line":116,"column":48},"end":{"line":116,"column":null}}],"line":116},"13":{"loc":{"start":{"line":121,"column":7},"end":{"line":217,"column":null}},"type":"binary-expr","locations":[{"start":{"line":121,"column":7},"end":{"line":121,"column":null}},{"start":{"line":122,"column":8},"end":{"line":217,"column":null}}],"line":121},"14":{"loc":{"start":{"line":124,"column":9},"end":{"line":137,"column":null}},"type":"binary-expr","locations":[{"start":{"line":124,"column":9},"end":{"line":124,"column":null}},{"start":{"line":125,"column":10},"end":{"line":137,"column":null}}],"line":124},"15":{"loc":{"start":{"line":141,"column":9},"end":{"line":155,"column":null}},"type":"binary-expr","locations":[{"start":{"line":141,"column":9},"end":{"line":141,"column":null}},{"start":{"line":142,"column":10},"end":{"line":155,"column":null}}],"line":141},"16":{"loc":{"start":{"line":159,"column":9},"end":{"line":207,"column":null}},"type":"binary-expr","locations":[{"start":{"line":159,"column":9},"end":{"line":159,"column":null}},{"start":{"line":160,"column":10},"end":{"line":207,"column":null}}],"line":159},"17":{"loc":{"start":{"line":181,"column":28},"end":{"line":185,"column":null}},"type":"cond-expr","locations":[{"start":{"line":182,"column":32},"end":{"line":182,"column":null}},{"start":{"line":183,"column":32},"end":{"line":185,"column":null}}],"line":181},"18":{"loc":{"start":{"line":181,"column":28},"end":{"line":181,"column":null}},"type":"binary-expr","locations":[{"start":{"line":181,"column":28},"end":{"line":181,"column":61}},{"start":{"line":181,"column":61},"end":{"line":181,"column":null}}],"line":181},"19":{"loc":{"start":{"line":183,"column":32},"end":{"line":185,"column":null}},"type":"cond-expr","locations":[{"start":{"line":184,"column":32},"end":{"line":184,"column":null}},{"start":{"line":185,"column":32},"end":{"line":185,"column":null}}],"line":183},"20":{"loc":{"start":{"line":190,"column":25},"end":{"line":194,"column":null}},"type":"binary-expr","locations":[{"start":{"line":190,"column":25},"end":{"line":190,"column":null}},{"start":{"line":191,"column":26},"end":{"line":194,"column":null}}],"line":190},"21":{"loc":{"start":{"line":193,"column":29},"end":{"line":193,"column":null}},"type":"binary-expr","locations":[{"start":{"line":193,"column":29},"end":{"line":193,"column":50}},{"start":{"line":193,"column":50},"end":{"line":193,"column":null}}],"line":193},"22":{"loc":{"start":{"line":196,"column":25},"end":{"line":199,"column":null}},"type":"binary-expr","locations":[{"start":{"line":196,"column":25},"end":{"line":196,"column":null}},{"start":{"line":197,"column":26},"end":{"line":199,"column":null}}],"line":196},"23":{"loc":{"start":{"line":211,"column":9},"end":{"line":215,"column":null}},"type":"binary-expr","locations":[{"start":{"line":211,"column":9},"end":{"line":211,"column":39}},{"start":{"line":211,"column":39},"end":{"line":211,"column":null}},{"start":{"line":212,"column":10},"end":{"line":215,"column":null}}],"line":211}},"s":{"0":2,"1":14,"2":14,"3":48,"4":48,"5":3,"6":45,"7":3,"8":42,"9":42,"10":6,"11":36,"12":11,"13":25,"14":15,"15":10,"16":42,"17":42,"18":6,"19":36,"20":36,"21":25,"22":25,"23":10,"24":42,"25":42,"26":42,"27":42,"28":14,"29":14,"30":2,"31":1,"32":7,"33":4,"34":0,"35":42,"36":14,"37":14,"38":42,"39":15,"40":6,"41":18,"42":14},"f":{"0":14,"1":48,"2":42,"3":42,"4":42,"5":14,"6":14,"7":15,"8":6,"9":18,"10":14},"b":{"0":[14,0],"1":[3,45],"2":[3,42],"3":[6,36],"4":[11,25],"5":[15,10],"6":[6,36],"7":[11,25],"8":[15,10],"9":[42,0],"10":[2,1,7,4,0],"11":[14,0],"12":[13,29],"13":[48,13],"14":[13,3],"15":[13,7],"16":[13,9],"17":[3,11],"18":[14,12],"19":[7,4],"20":[14,13],"21":[13,9],"22":[14,8],"23":[13,4,3]},"meta":{"lastBranch":24,"lastFunction":11,"lastStatement":43,"seen":{"s:5:20:13:Infinity":0,"f:5:20:5:21":0,"s:6:100:11:Infinity":1,"s:12:2:12:Infinity":2,"b:12:9:12:34:12:34:12:Infinity":0,"f:20:24:20:43":1,"s:21:30:21:Infinity":3,"b:23:2:34:Infinity:undefined:undefined:undefined:undefined":1,"s:23:2:34:Infinity":4,"s:24:4:32:Infinity":5,"b:36:2:38:Infinity:undefined:undefined:undefined:undefined":2,"s:36:2:38:Infinity":6,"s:37:4:37:Infinity":7,"s:40:24:45:Infinity":8,"f:40:24:40:25":2,"b:41:4:41:Infinity:undefined:undefined:undefined:undefined":3,"s:41:4:41:Infinity":9,"s:41:21:41:Infinity":10,"b:42:4:42:Infinity:undefined:undefined:undefined:undefined":4,"s:42:4:42:Infinity":11,"s:42:21:42:Infinity":12,"b:43:4:43:Infinity:undefined:undefined:undefined:undefined":5,"s:43:4:43:Infinity":13,"s:43:21:43:Infinity":14,"s:44:4:44:Infinity":15,"s:47:24:52:Infinity":16,"f:47:24:47:25":3,"b:48:4:48:Infinity:undefined:undefined:undefined:undefined":6,"s:48:4:48:Infinity":17,"s:48:21:48:Infinity":18,"b:49:4:49:Infinity:undefined:undefined:undefined:undefined":7,"s:49:4:49:Infinity":19,"s:49:21:49:Infinity":20,"b:50:4:50:Infinity:undefined:undefined:undefined:undefined":8,"s:50:4:50:Infinity":21,"s:50:21:50:Infinity":22,"s:51:4:51:Infinity":23,"s:54:23:63:Infinity":24,"f:54:23:54:24":4,"s:55:19:61:Infinity":25,"s:62:4:62:Infinity":26,"b:62:11:62:28:62:28:62:Infinity":9,"s:65:26:79:Infinity":27,"f:65:26:65:27":5,"s:66:27:66:Infinity":28,"b:68:6:69:Infinity:70:6:71:Infinity:72:6:73:Infinity:74:6:75:Infinity:76:6:77:Infinity":10,"s:67:4:78:Infinity":29,"s:69:8:69:Infinity":30,"s:71:8:71:Infinity":31,"s:73:8:73:Infinity":32,"s:75:8:75:Infinity":33,"s:77:8:77:Infinity":34,"s:81:26:89:Infinity":35,"f:81:26:81:27":6,"s:82:66:87:Infinity":36,"s:88:4:88:Infinity":37,"b:88:11:88:35:88:35:88:Infinity":11,"s:91:2:219:Infinity":38,"f:96:17:96:23":7,"s:96:23:96:Infinity":39,"b:116:22:116:48:116:48:116:Infinity":12,"b:121:7:121:Infinity:122:8:217:Infinity":13,"b:124:9:124:Infinity:125:10:137:Infinity":14,"f:130:48:130:49":8,"s:131:18:133:Infinity":40,"b:141:9:141:Infinity:142:10:155:Infinity":15,"f:148:42:148:43":9,"s:149:16:152:Infinity":41,"b:159:9:159:Infinity:160:10:207:Infinity":16,"f:168:35:168:36":10,"s:169:18:203:Infinity":42,"b:182:32:182:Infinity:183:32:185:Infinity":17,"b:181:28:181:61:181:61:181:Infinity":18,"b:184:32:184:Infinity:185:32:185:Infinity":19,"b:190:25:190:Infinity:191:26:194:Infinity":20,"b:193:29:193:50:193:50:193:Infinity":21,"b:196:25:196:Infinity:197:26:199:Infinity":22,"b:211:9:211:39:211:39:211:Infinity:212:10:215:Infinity":23}}}
,"D:\\LHA\\skills-manager-client\\src\\components\\SkeletonCard.tsx": {"path":"D:\\LHA\\skills-manager-client\\src\\components\\SkeletonCard.tsx","statementMap":{"0":{"start":{"line":6,"column":2},"end":{"line":25,"column":null}},"1":{"start":{"line":9,"column":8},"end":{"line":23,"column":null}}},"fnMap":{"0":{"name":"SkeletonCard","decl":{"start":{"line":5,"column":16},"end":{"line":5,"column":29}},"loc":{"start":{"line":5,"column":63},"end":{"line":27,"column":null}},"line":5},"1":{"name":"(anonymous_1)","decl":{"start":{"line":8,"column":41},"end":{"line":8,"column":42}},"loc":{"start":{"line":9,"column":8},"end":{"line":23,"column":null}},"line":9}},"branchMap":{"0":{"loc":{"start":{"line":5,"column":31},"end":{"line":5,"column":41}},"type":"default-arg","locations":[{"start":{"line":5,"column":39},"end":{"line":5,"column":41}}],"line":5}},"s":{"0":5,"1":6},"f":{"0":5,"1":6},"b":{"0":[5]},"meta":{"lastBranch":1,"lastFunction":2,"lastStatement":2,"seen":{"f:5:16:5:29":0,"b:5:39:5:41":0,"s:6:2:25:Infinity":0,"f:8:41:8:42":1,"s:9:8:23:Infinity":1}}}
,"D:\\LHA\\skills-manager-client\\src\\components\\SkillCard.tsx": {"path":"D:\\LHA\\skills-manager-client\\src\\components\\SkillCard.tsx","statementMap":{"0":{"start":{"line":13,"column":18},"end":{"line":16,"column":null}},"1":{"start":{"line":19,"column":22},"end":{"line":28,"column":null}},"2":{"start":{"line":31,"column":22},"end":{"line":38,"column":null}},"3":{"start":{"line":32,"column":15},"end":{"line":32,"column":null}},"4":{"start":{"line":33,"column":4},"end":{"line":35,"column":null}},"5":{"start":{"line":33,"column":17},"end":{"line":33,"column":20}},"6":{"start":{"line":34,"column":8},"end":{"line":34,"column":null}},"7":{"start":{"line":37,"column":4},"end":{"line":37,"column":null}},"8":{"start":{"line":41,"column":22},"end":{"line":50,"column":null}},"9":{"start":{"line":43,"column":18},"end":{"line":43,"column":null}},"10":{"start":{"line":45,"column":14},"end":{"line":45,"column":null}},"11":{"start":{"line":46,"column":14},"end":{"line":46,"column":null}},"12":{"start":{"line":47,"column":14},"end":{"line":47,"column":null}},"13":{"start":{"line":49,"column":4},"end":{"line":49,"column":null}},"14":{"start":{"line":64,"column":25},"end":{"line":289,"column":null}},"15":{"start":{"line":75,"column":34},"end":{"line":75,"column":null}},"16":{"start":{"line":77,"column":26},"end":{"line":87,"column":null}},"17":{"start":{"line":78,"column":8},"end":{"line":78,"column":null}},"18":{"start":{"line":79,"column":8},"end":{"line":86,"column":null}},"19":{"start":{"line":80,"column":12},"end":{"line":80,"column":null}},"20":{"start":{"line":81,"column":12},"end":{"line":85,"column":null}},"21":{"start":{"line":82,"column":16},"end":{"line":82,"column":null}},"22":{"start":{"line":84,"column":16},"end":{"line":84,"column":null}},"23":{"start":{"line":89,"column":25},"end":{"line":93,"column":null}},"24":{"start":{"line":90,"column":8},"end":{"line":92,"column":null}},"25":{"start":{"line":91,"column":13},"end":{"line":91,"column":null}},"26":{"start":{"line":95,"column":26},"end":{"line":95,"column":null}},"27":{"start":{"line":96,"column":18},"end":{"line":96,"column":null}},"28":{"start":{"line":99,"column":10},"end":{"line":99,"column":null}},"29":{"start":{"line":99,"column":36},"end":{"line":99,"column":63}},"30":{"start":{"line":100,"column":10},"end":{"line":100,"column":null}},"31":{"start":{"line":100,"column":38},"end":{"line":100,"column":80}},"32":{"start":{"line":104,"column":10},"end":{"line":107,"column":null}},"33":{"start":{"line":105,"column":22},"end":{"line":105,"column":null}},"34":{"start":{"line":106,"column":8},"end":{"line":106,"column":null}},"35":{"start":{"line":110,"column":10},"end":{"line":114,"column":null}},"36":{"start":{"line":111,"column":27},"end":{"line":111,"column":null}},"37":{"start":{"line":113,"column":8},"end":{"line":113,"column":null}},"38":{"start":{"line":118,"column":23},"end":{"line":136,"column":null}},"39":{"start":{"line":119,"column":26},"end":{"line":119,"column":null}},"40":{"start":{"line":120,"column":8},"end":{"line":134,"column":null}},"41":{"start":{"line":138,"column":4},"end":{"line":219,"column":null}},"42":{"start":{"line":139,"column":8},"end":{"line":217,"column":null}},"43":{"start":{"line":197,"column":50},"end":{"line":197,"column":71}},"44":{"start":{"line":204,"column":81},"end":{"line":204,"column":102}},"45":{"start":{"line":204,"column":102},"end":{"line":204,"column":119}},"46":{"start":{"line":207,"column":104},"end":{"line":207,"column":125}},"47":{"start":{"line":207,"column":125},"end":{"line":207,"column":142}},"48":{"start":{"line":222,"column":4},"end":{"line":287,"column":null}},"49":{"start":{"line":265,"column":50},"end":{"line":265,"column":71}},"50":{"start":{"line":265,"column":71},"end":{"line":265,"column":88}},"51":{"start":{"line":270,"column":114},"end":{"line":270,"column":135}},"52":{"start":{"line":270,"column":135},"end":{"line":270,"column":154}}},"fnMap":{"0":{"name":"(anonymous_0)","decl":{"start":{"line":31,"column":22},"end":{"line":31,"column":23}},"loc":{"start":{"line":31,"column":47},"end":{"line":38,"column":null}},"line":31},"1":{"name":"(anonymous_1)","decl":{"start":{"line":41,"column":22},"end":{"line":41,"column":23}},"loc":{"start":{"line":41,"column":52},"end":{"line":50,"column":null}},"line":41},"2":{"name":"(anonymous_2)","decl":{"start":{"line":64,"column":25},"end":{"line":64,"column":26}},"loc":{"start":{"line":74,"column":22},"end":{"line":289,"column":null}},"line":74},"3":{"name":"(anonymous_3)","decl":{"start":{"line":77,"column":26},"end":{"line":77,"column":33}},"loc":{"start":{"line":77,"column":57},"end":{"line":87,"column":null}},"line":77},"4":{"name":"(anonymous_4)","decl":{"start":{"line":89,"column":25},"end":{"line":89,"column":37}},"loc":{"start":{"line":89,"column":37},"end":{"line":93,"column":null}},"line":89},"5":{"name":"(anonymous_5)","decl":{"start":{"line":99,"column":30},"end":{"line":99,"column":36}},"loc":{"start":{"line":99,"column":36},"end":{"line":99,"column":63}},"line":99},"6":{"name":"(anonymous_6)","decl":{"start":{"line":100,"column":32},"end":{"line":100,"column":38}},"loc":{"start":{"line":100,"column":38},"end":{"line":100,"column":80}},"line":100},"7":{"name":"(anonymous_7)","decl":{"start":{"line":104,"column":31},"end":{"line":104,"column":37}},"loc":{"start":{"line":104,"column":37},"end":{"line":107,"column":7}},"line":104},"8":{"name":"(anonymous_8)","decl":{"start":{"line":110,"column":30},"end":{"line":110,"column":36}},"loc":{"start":{"line":110,"column":36},"end":{"line":114,"column":7}},"line":110},"9":{"name":"(anonymous_9)","decl":{"start":{"line":118,"column":23},"end":{"line":118,"column":29}},"loc":{"start":{"line":118,"column":29},"end":{"line":136,"column":null}},"line":118},"10":{"name":"(anonymous_10)","decl":{"start":{"line":197,"column":43},"end":{"line":197,"column":44}},"loc":{"start":{"line":197,"column":50},"end":{"line":197,"column":71}},"line":197},"11":{"name":"(anonymous_11)","decl":{"start":{"line":204,"column":72},"end":{"line":204,"column":73}},"loc":{"start":{"line":204,"column":79},"end":{"line":204,"column":null}},"line":204},"12":{"name":"(anonymous_12)","decl":{"start":{"line":207,"column":95},"end":{"line":207,"column":96}},"loc":{"start":{"line":207,"column":102},"end":{"line":207,"column":null}},"line":207},"13":{"name":"(anonymous_13)","decl":{"start":{"line":265,"column":41},"end":{"line":265,"column":42}},"loc":{"start":{"line":265,"column":48},"end":{"line":265,"column":null}},"line":265},"14":{"name":"(anonymous_14)","decl":{"start":{"line":270,"column":105},"end":{"line":270,"column":106}},"loc":{"start":{"line":270,"column":112},"end":{"line":270,"column":157}},"line":270}},"branchMap":{"0":{"loc":{"start":{"line":43,"column":18},"end":{"line":43,"column":null}},"type":"cond-expr","locations":[{"start":{"line":43,"column":45},"end":{"line":43,"column":65}},{"start":{"line":43,"column":65},"end":{"line":43,"column":null}}],"line":43},"1":{"loc":{"start":{"line":66,"column":4},"end":{"line":66,"column":null}},"type":"default-arg","locations":[{"start":{"line":66,"column":15},"end":{"line":66,"column":null}}],"line":66},"2":{"loc":{"start":{"line":67,"column":4},"end":{"line":67,"column":null}},"type":"default-arg","locations":[{"start":{"line":67,"column":18},"end":{"line":67,"column":null}}],"line":67},"3":{"loc":{"start":{"line":68,"column":4},"end":{"line":68,"column":null}},"type":"default-arg","locations":[{"start":{"line":68,"column":15},"end":{"line":68,"column":null}}],"line":68},"4":{"loc":{"start":{"line":79,"column":8},"end":{"line":86,"column":null}},"type":"if","locations":[{"start":{"line":79,"column":8},"end":{"line":86,"column":null}},{"start":{},"end":{}}],"line":79},"5":{"loc":{"start":{"line":90,"column":8},"end":{"line":92,"column":null}},"type":"if","locations":[{"start":{"line":90,"column":8},"end":{"line":92,"column":null}},{"start":{},"end":{}}],"line":90},"6":{"loc":{"start":{"line":96,"column":18},"end":{"line":96,"column":null}},"type":"binary-expr","locations":[{"start":{"line":96,"column":18},"end":{"line":96,"column":38}},{"start":{"line":96,"column":38},"end":{"line":96,"column":null}}],"line":96},"7":{"loc":{"start":{"line":106,"column":15},"end":{"line":106,"column":null}},"type":"cond-expr","locations":[{"start":{"line":106,"column":25},"end":{"line":106,"column":64}},{"start":{"line":106,"column":64},"end":{"line":106,"column":null}}],"line":106},"8":{"loc":{"start":{"line":113,"column":15},"end":{"line":113,"column":null}},"type":"cond-expr","locations":[{"start":{"line":113,"column":34},"end":{"line":113,"column":53}},{"start":{"line":113,"column":53},"end":{"line":113,"column":null}}],"line":113},"9":{"loc":{"start":{"line":119,"column":26},"end":{"line":119,"column":null}},"type":"cond-expr","locations":[{"start":{"line":119,"column":48},"end":{"line":119,"column":65}},{"start":{"line":119,"column":65},"end":{"line":119,"column":null}}],"line":119},"10":{"loc":{"start":{"line":138,"column":4},"end":{"line":219,"column":null}},"type":"if","locations":[{"start":{"line":138,"column":4},"end":{"line":219,"column":null}},{"start":{},"end":{}}],"line":138},"11":{"loc":{"start":{"line":146,"column":20},"end":{"line":146,"column":null}},"type":"binary-expr","locations":[{"start":{"line":146,"column":20},"end":{"line":146,"column":32}},{"start":{"line":146,"column":32},"end":{"line":146,"column":null}}],"line":146},"12":{"loc":{"start":{"line":148,"column":20},"end":{"line":148,"column":null}},"type":"binary-expr","locations":[{"start":{"line":148,"column":20},"end":{"line":148,"column":33}},{"start":{"line":148,"column":33},"end":{"line":148,"column":null}}],"line":148},"13":{"loc":{"start":{"line":159,"column":25},"end":{"line":162,"column":null}},"type":"binary-expr","locations":[{"start":{"line":159,"column":25},"end":{"line":159,"column":null}},{"start":{"line":160,"column":28},"end":{"line":162,"column":null}}],"line":159},"14":{"loc":{"start":{"line":164,"column":25},"end":{"line":167,"column":null}},"type":"binary-expr","locations":[{"start":{"line":164,"column":25},"end":{"line":164,"column":null}},{"start":{"line":165,"column":28},"end":{"line":167,"column":null}}],"line":164},"15":{"loc":{"start":{"line":165,"column":44},"end":{"line":165,"column":78}},"type":"cond-expr","locations":[{"start":{"line":165,"column":55},"end":{"line":165,"column":67}},{"start":{"line":165,"column":67},"end":{"line":165,"column":78}}],"line":165},"16":{"loc":{"start":{"line":166,"column":33},"end":{"line":166,"column":null}},"type":"cond-expr","locations":[{"start":{"line":166,"column":44},"end":{"line":166,"column":55}},{"start":{"line":166,"column":55},"end":{"line":166,"column":null}}],"line":166},"17":{"loc":{"start":{"line":170,"column":25},"end":{"line":171,"column":null}},"type":"binary-expr","locations":[{"start":{"line":170,"column":25},"end":{"line":170,"column":null}},{"start":{"line":171,"column":28},"end":{"line":171,"column":null}}],"line":170},"18":{"loc":{"start":{"line":173,"column":25},"end":{"line":176,"column":null}},"type":"binary-expr","locations":[{"start":{"line":173,"column":25},"end":{"line":173,"column":null}},{"start":{"line":174,"column":29},"end":{"line":176,"column":null}}],"line":173},"19":{"loc":{"start":{"line":175,"column":35},"end":{"line":175,"column":null}},"type":"binary-expr","locations":[{"start":{"line":175,"column":35},"end":{"line":175,"column":71}},{"start":{"line":175,"column":71},"end":{"line":175,"column":null}}],"line":175},"20":{"loc":{"start":{"line":183,"column":31},"end":{"line":183,"column":64}},"type":"binary-expr","locations":[{"start":{"line":183,"column":31},"end":{"line":183,"column":47}},{"start":{"line":183,"column":47},"end":{"line":183,"column":64}}],"line":183},"21":{"loc":{"start":{"line":184,"column":25},"end":{"line":188,"column":null}},"type":"binary-expr","locations":[{"start":{"line":184,"column":25},"end":{"line":184,"column":null}},{"start":{"line":185,"column":28},"end":{"line":188,"column":null}}],"line":184},"22":{"loc":{"start":{"line":195,"column":21},"end":{"line":214,"column":null}},"type":"cond-expr","locations":[{"start":{"line":196,"column":24},"end":{"line":210,"column":null}},{"start":{"line":212,"column":25},"end":{"line":214,"column":null}}],"line":195},"23":{"loc":{"start":{"line":231,"column":25},"end":{"line":235,"column":null}},"type":"binary-expr","locations":[{"start":{"line":231,"column":25},"end":{"line":231,"column":null}},{"start":{"line":232,"column":28},"end":{"line":235,"column":null}}],"line":231},"24":{"loc":{"start":{"line":238,"column":25},"end":{"line":239,"column":null}},"type":"binary-expr","locations":[{"start":{"line":238,"column":25},"end":{"line":238,"column":null}},{"start":{"line":239,"column":29},"end":{"line":239,"column":null}}],"line":238},"25":{"loc":{"start":{"line":241,"column":25},"end":{"line":245,"column":null}},"type":"binary-expr","locations":[{"start":{"line":241,"column":25},"end":{"line":241,"column":null}},{"start":{"line":242,"column":28},"end":{"line":245,"column":null}}],"line":241},"26":{"loc":{"start":{"line":257,"column":25},"end":{"line":257,"column":null}},"type":"binary-expr","locations":[{"start":{"line":257,"column":25},"end":{"line":257,"column":41}},{"start":{"line":257,"column":41},"end":{"line":257,"column":null}}],"line":257},"27":{"loc":{"start":{"line":259,"column":21},"end":{"line":283,"column":null}},"type":"cond-expr","locations":[{"start":{"line":260,"column":24},"end":{"line":272,"column":null}},{"start":{"line":275,"column":24},"end":{"line":283,"column":null}}],"line":259},"28":{"loc":{"start":{"line":260,"column":24},"end":{"line":272,"column":null}},"type":"cond-expr","locations":[{"start":{"line":261,"column":28},"end":{"line":268,"column":null}},{"start":{"line":270,"column":28},"end":{"line":272,"column":null}}],"line":260}},"s":{"0":2,"1":2,"2":2,"3":25,"4":25,"5":25,"6":401,"7":25,"8":2,"9":25,"10":25,"11":25,"12":25,"13":25,"14":2,"15":30,"16":30,"17":3,"18":3,"19":3,"20":3,"21":3,"22":3,"23":30,"24":1,"25":1,"26":30,"27":30,"28":30,"29":25,"30":30,"31":25,"32":30,"33":25,"34":25,"35":30,"36":25,"37":25,"38":30,"39":30,"40":30,"41":30,"42":12,"43":1,"44":0,"45":0,"46":0,"47":0,"48":18,"49":0,"50":0,"51":0,"52":0},"f":{"0":25,"1":25,"2":30,"3":3,"4":1,"5":25,"6":25,"7":25,"8":25,"9":30,"10":1,"11":0,"12":0,"13":0,"14":0},"b":{"0":[25,0],"1":[30],"2":[30],"3":[30],"4":[3,0],"5":[1,0],"6":[30,0],"7":[11,14],"8":[23,2],"9":[18,12],"10":[12,18],"11":[12,11],"12":[12,1],"13":[12,0],"14":[12,9],"15":[8,1],"16":[8,1],"17":[12,8],"18":[12,9],"19":[9,0],"20":[12,1],"21":[12,3],"22":[9,3],"23":[18,0],"24":[30,3],"25":[30,15],"26":[30,1],"27":[3,15],"28":[0,3]},"meta":{"lastBranch":29,"lastFunction":15,"lastStatement":53,"seen":{"s:13:18:16:Infinity":0,"s:19:22:28:Infinity":1,"s:31:22:38:Infinity":2,"f:31:22:31:23":0,"s:32:15:32:Infinity":3,"s:33:4:35:Infinity":4,"s:33:17:33:20":5,"s:34:8:34:Infinity":6,"s:37:4:37:Infinity":7,"s:41:22:50:Infinity":8,"f:41:22:41:23":1,"s:43:18:43:Infinity":9,"b:43:45:43:65:43:65:43:Infinity":0,"s:45:14:45:Infinity":10,"s:46:14:46:Infinity":11,"s:47:14:47:Infinity":12,"s:49:4:49:Infinity":13,"s:64:25:289:Infinity":14,"f:64:25:64:26":2,"b:66:15:66:Infinity":1,"b:67:18:67:Infinity":2,"b:68:15:68:Infinity":3,"s:75:34:75:Infinity":15,"s:77:26:87:Infinity":16,"f:77:26:77:33":3,"s:78:8:78:Infinity":17,"b:79:8:86:Infinity:undefined:undefined:undefined:undefined":4,"s:79:8:86:Infinity":18,"s:80:12:80:Infinity":19,"s:81:12:85:Infinity":20,"s:82:16:82:Infinity":21,"s:84:16:84:Infinity":22,"s:89:25:93:Infinity":23,"f:89:25:89:37":4,"b:90:8:92:Infinity:undefined:undefined:undefined:undefined":5,"s:90:8:92:Infinity":24,"s:91:13:91:Infinity":25,"s:95:26:95:Infinity":26,"s:96:18:96:Infinity":27,"b:96:18:96:38:96:38:96:Infinity":6,"s:99:10:99:Infinity":28,"f:99:30:99:36":5,"s:99:36:99:63":29,"s:100:10:100:Infinity":30,"f:100:32:100:38":6,"s:100:38:100:80":31,"s:104:10:107:Infinity":32,"f:104:31:104:37":7,"s:105:22:105:Infinity":33,"s:106:8:106:Infinity":34,"b:106:25:106:64:106:64:106:Infinity":7,"s:110:10:114:Infinity":35,"f:110:30:110:36":8,"s:111:27:111:Infinity":36,"s:113:8:113:Infinity":37,"b:113:34:113:53:113:53:113:Infinity":8,"s:118:23:136:Infinity":38,"f:118:23:118:29":9,"s:119:26:119:Infinity":39,"b:119:48:119:65:119:65:119:Infinity":9,"s:120:8:134:Infinity":40,"b:138:4:219:Infinity:undefined:undefined:undefined:undefined":10,"s:138:4:219:Infinity":41,"s:139:8:217:Infinity":42,"b:146:20:146:32:146:32:146:Infinity":11,"b:148:20:148:33:148:33:148:Infinity":12,"b:159:25:159:Infinity:160:28:162:Infinity":13,"b:164:25:164:Infinity:165:28:167:Infinity":14,"b:165:55:165:67:165:67:165:78":15,"b:166:44:166:55:166:55:166:Infinity":16,"b:170:25:170:Infinity:171:28:171:Infinity":17,"b:173:25:173:Infinity:174:29:176:Infinity":18,"b:175:35:175:71:175:71:175:Infinity":19,"b:183:31:183:47:183:47:183:64":20,"b:184:25:184:Infinity:185:28:188:Infinity":21,"b:196:24:210:Infinity:212:25:214:Infinity":22,"f:197:43:197:44":10,"s:197:50:197:71":43,"f:204:72:204:73":11,"s:204:81:204:102":44,"s:204:102:204:119":45,"f:207:95:207:96":12,"s:207:104:207:125":46,"s:207:125:207:142":47,"s:222:4:287:Infinity":48,"b:231:25:231:Infinity:232:28:235:Infinity":23,"b:238:25:238:Infinity:239:29:239:Infinity":24,"b:241:25:241:Infinity:242:28:245:Infinity":25,"b:257:25:257:41:257:41:257:Infinity":26,"b:260:24:272:Infinity:275:24:283:Infinity":27,"b:261:28:268:Infinity:270:28:272:Infinity":28,"f:265:41:265:42":13,"s:265:50:265:71":49,"s:265:71:265:88":50,"f:270:105:270:106":14,"s:270:114:270:135":51,"s:270:135:270:154":52}}}
,"D:\\LHA\\skills-manager-client\\src\\components\\TrustShield.tsx": {"path":"D:\\LHA\\skills-manager-client\\src\\components\\TrustShield.tsx","statementMap":{"0":{"start":{"line":38,"column":20},"end":{"line":69,"column":null}},"1":{"start":{"line":71,"column":19},"end":{"line":75,"column":null}},"2":{"start":{"line":77,"column":27},"end":{"line":118,"column":null}},"3":{"start":{"line":84,"column":12},"end":{"line":84,"column":null}},"4":{"start":{"line":85,"column":17},"end":{"line":85,"column":null}},"5":{"start":{"line":86,"column":20},"end":{"line":86,"column":null}},"6":{"start":{"line":87,"column":15},"end":{"line":87,"column":null}},"7":{"start":{"line":90,"column":16},"end":{"line":90,"column":null}},"8":{"start":{"line":91,"column":20},"end":{"line":91,"column":null}},"9":{"start":{"line":92,"column":20},"end":{"line":92,"column":null}},"10":{"start":{"line":93,"column":20},"end":{"line":93,"column":null}},"11":{"start":{"line":95,"column":2},"end":{"line":116,"column":null}}},"fnMap":{"0":{"name":"(anonymous_0)","decl":{"start":{"line":77,"column":27},"end":{"line":77,"column":28}},"loc":{"start":{"line":83,"column":24},"end":{"line":118,"column":null}},"line":83}},"branchMap":{"0":{"loc":{"start":{"line":80,"column":2},"end":{"line":80,"column":null}},"type":"default-arg","locations":[{"start":{"line":80,"column":9},"end":{"line":80,"column":null}}],"line":80},"1":{"loc":{"start":{"line":81,"column":2},"end":{"line":81,"column":null}},"type":"default-arg","locations":[{"start":{"line":81,"column":14},"end":{"line":81,"column":null}}],"line":81},"2":{"loc":{"start":{"line":85,"column":17},"end":{"line":85,"column":null}},"type":"binary-expr","locations":[{"start":{"line":85,"column":17},"end":{"line":85,"column":39}},{"start":{"line":85,"column":39},"end":{"line":85,"column":null}}],"line":85},"3":{"loc":{"start":{"line":91,"column":20},"end":{"line":91,"column":null}},"type":"binary-expr","locations":[{"start":{"line":91,"column":20},"end":{"line":91,"column":29}},{"start":{"line":91,"column":29},"end":{"line":91,"column":null}}],"line":91},"4":{"loc":{"start":{"line":110,"column":7},"end":{"line":114,"column":null}},"type":"binary-expr","locations":[{"start":{"line":110,"column":7},"end":{"line":110,"column":null}},{"start":{"line":111,"column":8},"end":{"line":114,"column":null}}],"line":110},"5":{"loc":{"start":{"line":113,"column":11},"end":{"line":113,"column":null}},"type":"binary-expr","locations":[{"start":{"line":113,"column":11},"end":{"line":113,"column":34}},{"start":{"line":113,"column":34},"end":{"line":113,"column":null}}],"line":113}},"s":{"0":3,"1":3,"2":3,"3":35,"4":35,"5":35,"6":35,"7":35,"8":35,"9":35,"10":35,"11":35},"f":{"0":35},"b":{"0":[35],"1":[35],"2":[35,1],"3":[35,14],"4":[35,30],"5":[30,17]},"meta":{"lastBranch":6,"lastFunction":1,"lastStatement":12,"seen":{"s:38:20:69:Infinity":0,"s:71:19:75:Infinity":1,"s:77:27:118:Infinity":2,"f:77:27:77:28":0,"b:80:9:80:Infinity":0,"b:81:14:81:Infinity":1,"s:84:12:84:Infinity":3,"s:85:17:85:Infinity":4,"b:85:17:85:39:85:39:85:Infinity":2,"s:86:20:86:Infinity":5,"s:87:15:87:Infinity":6,"s:90:16:90:Infinity":7,"s:91:20:91:Infinity":8,"b:91:20:91:29:91:29:91:Infinity":3,"s:92:20:92:Infinity":9,"s:93:20:93:Infinity":10,"s:95:2:116:Infinity":11,"b:110:7:110:Infinity:111:8:114:Infinity":4,"b:113:11:113:34:113:34:113:Infinity":5}}}
,"D:\\LHA\\skills-manager-client\\src\\components\\SkillQuality\\QualityBadge.tsx": {"path":"D:\\LHA\\skills-manager-client\\src\\components\\SkillQuality\\QualityBadge.tsx","statementMap":{"0":{"start":{"line":10,"column":57},"end":{"line":42,"column":null}},"1":{"start":{"line":16,"column":24},"end":{"line":25,"column":null}},"2":{"start":{"line":17,"column":4},"end":{"line":24,"column":null}},"3":{"start":{"line":18,"column":16},"end":{"line":18,"column":null}},"4":{"start":{"line":19,"column":16},"end":{"line":19,"column":null}},"5":{"start":{"line":20,"column":16},"end":{"line":20,"column":null}},"6":{"start":{"line":21,"column":16},"end":{"line":21,"column":null}},"7":{"start":{"line":22,"column":16},"end":{"line":22,"column":null}},"8":{"start":{"line":23,"column":15},"end":{"line":23,"column":null}},"9":{"start":{"line":27,"column":20},"end":{"line":31,"column":null}},"10":{"start":{"line":33,"column":2},"end":{"line":40,"column":null}}},"fnMap":{"0":{"name":"(anonymous_0)","decl":{"start":{"line":10,"column":57},"end":{"line":10,"column":58}},"loc":{"start":{"line":15,"column":6},"end":{"line":42,"column":null}},"line":15},"1":{"name":"(anonymous_1)","decl":{"start":{"line":16,"column":24},"end":{"line":16,"column":25}},"loc":{"start":{"line":16,"column":39},"end":{"line":25,"column":null}},"line":16}},"branchMap":{"0":{"loc":{"start":{"line":14,"column":2},"end":{"line":14,"column":null}},"type":"default-arg","locations":[{"start":{"line":14,"column":9},"end":{"line":14,"column":null}}],"line":14},"1":{"loc":{"start":{"line":17,"column":4},"end":{"line":24,"column":null}},"type":"switch","locations":[{"start":{"line":18,"column":6},"end":{"line":18,"column":null}},{"start":{"line":19,"column":6},"end":{"line":19,"column":null}},{"start":{"line":20,"column":6},"end":{"line":20,"column":null}},{"start":{"line":21,"column":6},"end":{"line":21,"column":null}},{"start":{"line":22,"column":6},"end":{"line":22,"column":null}},{"start":{"line":23,"column":6},"end":{"line":23,"column":null}}],"line":17},"2":{"loc":{"start":{"line":35,"column":79},"end":{"line":35,"column":94}},"type":"binary-expr","locations":[{"start":{"line":35,"column":79},"end":{"line":35,"column":92}},{"start":{"line":35,"column":92},"end":{"line":35,"column":94}}],"line":35},"3":{"loc":{"start":{"line":39,"column":7},"end":{"line":39,"column":null}},"type":"binary-expr","locations":[{"start":{"line":39,"column":7},"end":{"line":39,"column":24}},{"start":{"line":39,"column":24},"end":{"line":39,"column":null}}],"line":39}},"s":{"0":3,"1":21,"2":21,"3":2,"4":14,"5":2,"6":2,"7":1,"8":0,"9":21,"10":21},"f":{"0":21,"1":21},"b":{"0":[21],"1":[2,14,2,2,1,0],"2":[21,21],"3":[21,20]},"meta":{"lastBranch":4,"lastFunction":2,"lastStatement":11,"seen":{"s:10:57:42:Infinity":0,"f:10:57:10:58":0,"b:14:9:14:Infinity":0,"s:16:24:25:Infinity":1,"f:16:24:16:25":1,"b:18:6:18:Infinity:19:6:19:Infinity:20:6:20:Infinity:21:6:21:Infinity:22:6:22:Infinity:23:6:23:Infinity":1,"s:17:4:24:Infinity":2,"s:18:16:18:Infinity":3,"s:19:16:19:Infinity":4,"s:20:16:20:Infinity":5,"s:21:16:21:Infinity":6,"s:22:16:22:Infinity":7,"s:23:15:23:Infinity":8,"s:27:20:31:Infinity":9,"s:33:2:40:Infinity":10,"b:35:79:35:92:35:92:35:94":2,"b:39:7:39:24:39:24:39:Infinity":3}}}
,"D:\\LHA\\skills-manager-client\\src\\components\\SkillQuality\\QualityScoreCard.tsx": {"path":"D:\\LHA\\skills-manager-client\\src\\components\\SkillQuality\\QualityScoreCard.tsx","statementMap":{"0":{"start":{"line":16,"column":17},"end":{"line":37,"column":null}},"1":{"start":{"line":17,"column":21},"end":{"line":17,"column":null}},"2":{"start":{"line":19,"column":22},"end":{"line":19,"column":null}},"3":{"start":{"line":20,"column":2},"end":{"line":22,"column":null}},"4":{"start":{"line":20,"column":23},"end":{"line":20,"column":null}},"5":{"start":{"line":20,"column":39},"end":{"line":22,"column":null}},"6":{"start":{"line":21,"column":28},"end":{"line":21,"column":null}},"7":{"start":{"line":21,"column":44},"end":{"line":22,"column":null}},"8":{"start":{"line":22,"column":29},"end":{"line":22,"column":null}},"9":{"start":{"line":24,"column":2},"end":{"line":35,"column":null}},"10":{"start":{"line":39,"column":65},"end":{"line":143,"column":null}},"11":{"start":{"line":40,"column":15},"end":{"line":40,"column":null}},"12":{"start":{"line":41,"column":30},"end":{"line":41,"column":null}},"13":{"start":{"line":43,"column":2},"end":{"line":50,"column":null}},"14":{"start":{"line":44,"column":4},"end":{"line":48,"column":null}},"15":{"start":{"line":52,"column":2},"end":{"line":59,"column":null}},"16":{"start":{"line":53,"column":4},"end":{"line":57,"column":null}},"17":{"start":{"line":61,"column":2},"end":{"line":61,"column":null}},"18":{"start":{"line":61,"column":14},"end":{"line":61,"column":null}},"19":{"start":{"line":63,"column":2},"end":{"line":141,"column":null}},"20":{"start":{"line":66,"column":130},"end":{"line":66,"column":null}}},"fnMap":{"0":{"name":"(anonymous_0)","decl":{"start":{"line":16,"column":17},"end":{"line":16,"column":18}},"loc":{"start":{"line":16,"column":91},"end":{"line":37,"column":null}},"line":16},"1":{"name":"(anonymous_1)","decl":{"start":{"line":39,"column":65},"end":{"line":39,"column":66}},"loc":{"start":{"line":39,"column":109},"end":{"line":143,"column":null}},"line":39},"2":{"name":"(anonymous_2)","decl":{"start":{"line":66,"column":124},"end":{"line":66,"column":130}},"loc":{"start":{"line":66,"column":130},"end":{"line":66,"column":null}},"line":66}},"branchMap":{"0":{"loc":{"start":{"line":20,"column":2},"end":{"line":22,"column":null}},"type":"if","locations":[{"start":{"line":20,"column":2},"end":{"line":22,"column":null}},{"start":{"line":20,"column":39},"end":{"line":22,"column":null}}],"line":20},"1":{"loc":{"start":{"line":20,"column":39},"end":{"line":22,"column":null}},"type":"if","locations":[{"start":{"line":20,"column":39},"end":{"line":22,"column":null}},{"start":{"line":21,"column":44},"end":{"line":22,"column":null}}],"line":20},"2":{"loc":{"start":{"line":21,"column":44},"end":{"line":22,"column":null}},"type":"if","locations":[{"start":{"line":21,"column":44},"end":{"line":22,"column":null}},{"start":{},"end":{}}],"line":21},"3":{"loc":{"start":{"line":43,"column":2},"end":{"line":50,"column":null}},"type":"if","locations":[{"start":{"line":43,"column":2},"end":{"line":50,"column":null}},{"start":{},"end":{}}],"line":43},"4":{"loc":{"start":{"line":52,"column":2},"end":{"line":59,"column":null}},"type":"if","locations":[{"start":{"line":52,"column":2},"end":{"line":59,"column":null}},{"start":{},"end":{}}],"line":52},"5":{"loc":{"start":{"line":61,"column":2},"end":{"line":61,"column":null}},"type":"if","locations":[{"start":{"line":61,"column":2},"end":{"line":61,"column":null}},{"start":{},"end":{}}],"line":61},"6":{"loc":{"start":{"line":64,"column":89},"end":{"line":64,"column":104}},"type":"binary-expr","locations":[{"start":{"line":64,"column":89},"end":{"line":64,"column":102}},{"start":{"line":64,"column":102},"end":{"line":64,"column":104}}],"line":64},"7":{"loc":{"start":{"line":80,"column":11},"end":{"line":80,"column":null}},"type":"cond-expr","locations":[{"start":{"line":80,"column":22},"end":{"line":80,"column":48}},{"start":{"line":80,"column":48},"end":{"line":80,"column":null}}],"line":80},"8":{"loc":{"start":{"line":85,"column":7},"end":{"line":139,"column":null}},"type":"binary-expr","locations":[{"start":{"line":85,"column":7},"end":{"line":85,"column":null}},{"start":{"line":86,"column":8},"end":{"line":139,"column":null}}],"line":85},"9":{"loc":{"start":{"line":97,"column":19},"end":{"line":97,"column":null}},"type":"cond-expr","locations":[{"start":{"line":97,"column":44},"end":{"line":97,"column":53}},{"start":{"line":97,"column":53},"end":{"line":97,"column":null}}],"line":97},"10":{"loc":{"start":{"line":104,"column":27},"end":{"line":104,"column":null}},"type":"cond-expr","locations":[{"start":{"line":104,"column":52},"end":{"line":104,"column":59}},{"start":{"line":104,"column":59},"end":{"line":104,"column":null}}],"line":104},"11":{"loc":{"start":{"line":111,"column":19},"end":{"line":111,"column":null}},"type":"cond-expr","locations":[{"start":{"line":111,"column":44},"end":{"line":111,"column":53}},{"start":{"line":111,"column":53},"end":{"line":111,"column":null}}],"line":111},"12":{"loc":{"start":{"line":118,"column":27},"end":{"line":118,"column":null}},"type":"cond-expr","locations":[{"start":{"line":118,"column":52},"end":{"line":118,"column":59}},{"start":{"line":118,"column":59},"end":{"line":118,"column":null}}],"line":118},"13":{"loc":{"start":{"line":135,"column":17},"end":{"line":135,"column":null}},"type":"binary-expr","locations":[{"start":{"line":135,"column":17},"end":{"line":135,"column":42}},{"start":{"line":135,"column":42},"end":{"line":135,"column":null}}],"line":135}},"s":{"0":2,"1":8,"2":8,"3":8,"4":0,"5":8,"6":0,"7":8,"8":8,"9":8,"10":2,"11":19,"12":19,"13":19,"14":1,"15":18,"16":1,"17":17,"18":0,"19":17,"20":4},"f":{"0":8,"1":19,"2":4},"b":{"0":[0,8],"1":[0,8],"2":[8,0],"3":[1,18],"4":[1,17],"5":[0,17],"6":[17,17],"7":[4,13],"8":[19,4],"9":[0,4],"10":[0,4],"11":[0,4],"12":[0,4],"13":[4,4]},"meta":{"lastBranch":14,"lastFunction":3,"lastStatement":21,"seen":{"s:16:17:37:Infinity":0,"f:16:17:16:18":0,"s:17:21:17:Infinity":1,"s:19:22:19:Infinity":2,"b:20:2:22:Infinity:20:39:22:Infinity":0,"s:20:2:22:Infinity":3,"s:20:23:20:Infinity":4,"b:20:39:22:Infinity:21:44:22:Infinity":1,"s:20:39:22:Infinity":5,"s:21:28:21:Infinity":6,"b:21:44:22:Infinity:undefined:undefined:undefined:undefined":2,"s:21:44:22:Infinity":7,"s:22:29:22:Infinity":8,"s:24:2:35:Infinity":9,"s:39:65:143:Infinity":10,"f:39:65:39:66":1,"s:40:15:40:Infinity":11,"s:41:30:41:Infinity":12,"b:43:2:50:Infinity:undefined:undefined:undefined:undefined":3,"s:43:2:50:Infinity":13,"s:44:4:48:Infinity":14,"b:52:2:59:Infinity:undefined:undefined:undefined:undefined":4,"s:52:2:59:Infinity":15,"s:53:4:57:Infinity":16,"b:61:2:61:Infinity:undefined:undefined:undefined:undefined":5,"s:61:2:61:Infinity":17,"s:61:14:61:Infinity":18,"s:63:2:141:Infinity":19,"b:64:89:64:102:64:102:64:104":6,"f:66:124:66:130":2,"s:66:130:66:Infinity":20,"b:80:22:80:48:80:48:80:Infinity":7,"b:85:7:85:Infinity:86:8:139:Infinity":8,"b:97:44:97:53:97:53:97:Infinity":9,"b:104:52:104:59:104:59:104:Infinity":10,"b:111:44:111:53:111:53:111:Infinity":11,"b:118:52:118:59:118:59:118:Infinity":12,"b:135:17:135:42:135:42:135:Infinity":13}}}
,"D:\\LHA\\skills-manager-client\\src\\components\\SkillQuality\\ScoreRadar.tsx": {"path":"D:\\LHA\\skills-manager-client\\src\\components\\SkillQuality\\ScoreRadar.tsx","statementMap":{"0":{"start":{"line":18,"column":53},"end":{"line":72,"column":null}},"1":{"start":{"line":19,"column":15},"end":{"line":40,"column":null}},"2":{"start":{"line":42,"column":2},"end":{"line":70,"column":null}},"3":{"start":{"line":66,"column":54},"end":{"line":66,"column":null}}},"fnMap":{"0":{"name":"(anonymous_0)","decl":{"start":{"line":18,"column":53},"end":{"line":18,"column":54}},"loc":{"start":{"line":18,"column":79},"end":{"line":72,"column":null}},"line":18},"1":{"name":"(anonymous_1)","decl":{"start":{"line":66,"column":23},"end":{"line":66,"column":24}},"loc":{"start":{"line":66,"column":54},"end":{"line":66,"column":null}},"line":66}},"branchMap":{"0":{"loc":{"start":{"line":43,"column":35},"end":{"line":43,"column":50}},"type":"binary-expr","locations":[{"start":{"line":43,"column":35},"end":{"line":43,"column":48}},{"start":{"line":43,"column":48},"end":{"line":43,"column":50}}],"line":43},"1":{"loc":{"start":{"line":66,"column":55},"end":{"line":66,"column":100}},"type":"cond-expr","locations":[{"start":{"line":66,"column":71},"end":{"line":66,"column":96}},{"start":{"line":66,"column":96},"end":{"line":66,"column":100}}],"line":66}},"s":{"0":1,"1":8,"2":8,"3":0},"f":{"0":8,"1":0},"b":{"0":[8,7],"1":[0,0]},"meta":{"lastBranch":2,"lastFunction":2,"lastStatement":4,"seen":{"s:18:53:72:Infinity":0,"f:18:53:18:54":0,"s:19:15:40:Infinity":1,"s:42:2:70:Infinity":2,"b:43:35:43:48:43:48:43:50":0,"f:66:23:66:24":1,"s:66:54:66:Infinity":3,"b:66:71:66:96:66:96:66:100":1}}}
,"D:\\LHA\\skills-manager-client\\src\\components\\SkillQuality\\SuggestionList.tsx": {"path":"D:\\LHA\\skills-manager-client\\src\\components\\SkillQuality\\SuggestionList.tsx","statementMap":{"0":{"start":{"line":9,"column":61},"end":{"line":49,"column":null}},"1":{"start":{"line":10,"column":2},"end":{"line":17,"column":null}},"2":{"start":{"line":11,"column":4},"end":{"line":15,"column":null}},"3":{"start":{"line":19,"column":2},"end":{"line":47,"column":null}},"4":{"start":{"line":28,"column":29},"end":{"line":28,"column":null}},"5":{"start":{"line":29,"column":25},"end":{"line":29,"column":null}},"6":{"start":{"line":30,"column":34},"end":{"line":30,"column":null}},"7":{"start":{"line":32,"column":10},"end":{"line":43,"column":null}}},"fnMap":{"0":{"name":"(anonymous_0)","decl":{"start":{"line":9,"column":61},"end":{"line":9,"column":62}},"loc":{"start":{"line":9,"column":93},"end":{"line":49,"column":null}},"line":9},"1":{"name":"(anonymous_1)","decl":{"start":{"line":26,"column":25},"end":{"line":26,"column":26}},"loc":{"start":{"line":26,"column":48},"end":{"line":45,"column":9}},"line":26}},"branchMap":{"0":{"loc":{"start":{"line":10,"column":2},"end":{"line":17,"column":null}},"type":"if","locations":[{"start":{"line":10,"column":2},"end":{"line":17,"column":null}},{"start":{},"end":{}}],"line":10},"1":{"loc":{"start":{"line":10,"column":6},"end":{"line":10,"column":48}},"type":"binary-expr","locations":[{"start":{"line":10,"column":6},"end":{"line":10,"column":22}},{"start":{"line":10,"column":22},"end":{"line":10,"column":48}}],"line":10},"2":{"loc":{"start":{"line":12,"column":45},"end":{"line":12,"column":60}},"type":"binary-expr","locations":[{"start":{"line":12,"column":45},"end":{"line":12,"column":58}},{"start":{"line":12,"column":58},"end":{"line":12,"column":60}}],"line":12},"3":{"loc":{"start":{"line":20,"column":43},"end":{"line":20,"column":58}},"type":"binary-expr","locations":[{"start":{"line":20,"column":43},"end":{"line":20,"column":56}},{"start":{"line":20,"column":56},"end":{"line":20,"column":58}}],"line":20},"4":{"loc":{"start":{"line":29,"column":25},"end":{"line":29,"column":null}},"type":"cond-expr","locations":[{"start":{"line":29,"column":38},"end":{"line":29,"column":54}},{"start":{"line":29,"column":54},"end":{"line":29,"column":null}}],"line":29},"5":{"loc":{"start":{"line":38,"column":15},"end":{"line":41,"column":null}},"type":"binary-expr","locations":[{"start":{"line":38,"column":15},"end":{"line":38,"column":null}},{"start":{"line":39,"column":16},"end":{"line":41,"column":null}}],"line":38}},"s":{"0":3,"1":7,"2":1,"3":6,"4":13,"5":13,"6":13,"7":13},"f":{"0":7,"1":13},"b":{"0":[1,6],"1":[7,7],"2":[1,1],"3":[6,6],"4":[1,12],"5":[13,1]},"meta":{"lastBranch":6,"lastFunction":2,"lastStatement":8,"seen":{"s:9:61:49:Infinity":0,"f:9:61:9:62":0,"b:10:2:17:Infinity:undefined:undefined:undefined:undefined":0,"s:10:2:17:Infinity":1,"b:10:6:10:22:10:22:10:48":1,"s:11:4:15:Infinity":2,"b:12:45:12:58:12:58:12:60":2,"s:19:2:47:Infinity":3,"b:20:43:20:56:20:56:20:58":3,"f:26:25:26:26":1,"s:28:29:28:Infinity":4,"s:29:25:29:Infinity":5,"b:29:38:29:54:29:54:29:Infinity":4,"s:30:34:30:Infinity":6,"s:32:10:43:Infinity":7,"b:38:15:38:Infinity:39:16:41:Infinity":5}}}
,"D:\\LHA\\skills-manager-client\\src\\components\\common\\ModalDialog.tsx": {"path":"D:\\LHA\\skills-manager-client\\src\\components\\common\\ModalDialog.tsx","statementMap":{"0":{"start":{"line":35,"column":14},"end":{"line":35,"column":null}},"1":{"start":{"line":36,"column":29},"end":{"line":36,"column":null}},"2":{"start":{"line":37,"column":28},"end":{"line":37,"column":null}},"3":{"start":{"line":39,"column":4},"end":{"line":39,"column":null}},"4":{"start":{"line":39,"column":17},"end":{"line":39,"column":null}},"5":{"start":{"line":41,"column":20},"end":{"line":53,"column":null}},"6":{"start":{"line":42,"column":8},"end":{"line":52,"column":null}},"7":{"start":{"line":44,"column":16},"end":{"line":44,"column":null}},"8":{"start":{"line":46,"column":16},"end":{"line":46,"column":null}},"9":{"start":{"line":48,"column":16},"end":{"line":48,"column":null}},"10":{"start":{"line":51,"column":16},"end":{"line":51,"column":null}},"11":{"start":{"line":55,"column":22},"end":{"line":62,"column":null}},"12":{"start":{"line":56,"column":8},"end":{"line":61,"column":null}},"13":{"start":{"line":57,"column":28},"end":{"line":57,"column":null}},"14":{"start":{"line":58,"column":26},"end":{"line":58,"column":null}},"15":{"start":{"line":59,"column":25},"end":{"line":59,"column":null}},"16":{"start":{"line":60,"column":37},"end":{"line":60,"column":null}},"17":{"start":{"line":64,"column":10},"end":{"line":64,"column":null}},"18":{"start":{"line":66,"column":4},"end":{"line":122,"column":null}}},"fnMap":{"0":{"name":"ModalDialog","decl":{"start":{"line":22,"column":24},"end":{"line":22,"column":36}},"loc":{"start":{"line":34,"column":21},"end":{"line":123,"column":null}},"line":34},"1":{"name":"(anonymous_1)","decl":{"start":{"line":41,"column":20},"end":{"line":41,"column":26}},"loc":{"start":{"line":41,"column":26},"end":{"line":53,"column":null}},"line":41},"2":{"name":"(anonymous_2)","decl":{"start":{"line":55,"column":22},"end":{"line":55,"column":28}},"loc":{"start":{"line":55,"column":28},"end":{"line":62,"column":null}},"line":55}},"branchMap":{"0":{"loc":{"start":{"line":26,"column":4},"end":{"line":26,"column":null}},"type":"default-arg","locations":[{"start":{"line":26,"column":11},"end":{"line":26,"column":null}}],"line":26},"1":{"loc":{"start":{"line":31,"column":4},"end":{"line":31,"column":null}},"type":"default-arg","locations":[{"start":{"line":31,"column":20},"end":{"line":31,"column":null}}],"line":31},"2":{"loc":{"start":{"line":32,"column":4},"end":{"line":32,"column":null}},"type":"default-arg","locations":[{"start":{"line":32,"column":16},"end":{"line":32,"column":null}}],"line":32},"3":{"loc":{"start":{"line":36,"column":29},"end":{"line":36,"column":null}},"type":"binary-expr","locations":[{"start":{"line":36,"column":29},"end":{"line":36,"column":44}},{"start":{"line":36,"column":44},"end":{"line":36,"column":null}}],"line":36},"4":{"loc":{"start":{"line":37,"column":28},"end":{"line":37,"column":null}},"type":"binary-expr","locations":[{"start":{"line":37,"column":28},"end":{"line":37,"column":42}},{"start":{"line":37,"column":42},"end":{"line":37,"column":null}}],"line":37},"5":{"loc":{"start":{"line":39,"column":4},"end":{"line":39,"column":null}},"type":"if","locations":[{"start":{"line":39,"column":4},"end":{"line":39,"column":null}},{"start":{},"end":{}}],"line":39},"6":{"loc":{"start":{"line":42,"column":8},"end":{"line":52,"column":null}},"type":"switch","locations":[{"start":{"line":43,"column":12},"end":{"line":44,"column":null}},{"start":{"line":45,"column":12},"end":{"line":46,"column":null}},{"start":{"line":47,"column":12},"end":{"line":48,"column":null}},{"start":{"line":49,"column":12},"end":{"line":49,"column":null}},{"start":{"line":50,"column":12},"end":{"line":51,"column":null}}],"line":42},"7":{"loc":{"start":{"line":51,"column":23},"end":{"line":51,"column":null}},"type":"cond-expr","locations":[{"start":{"line":51,"column":39},"end":{"line":51,"column":92}},{"start":{"line":51,"column":92},"end":{"line":51,"column":null}}],"line":51},"8":{"loc":{"start":{"line":56,"column":8},"end":{"line":61,"column":null}},"type":"switch","locations":[{"start":{"line":57,"column":12},"end":{"line":57,"column":null}},{"start":{"line":58,"column":12},"end":{"line":58,"column":null}},{"start":{"line":59,"column":12},"end":{"line":59,"column":null}},{"start":{"line":60,"column":12},"end":{"line":60,"column":28}},{"start":{"line":60,"column":28},"end":{"line":60,"column":null}}],"line":56},"9":{"loc":{"start":{"line":60,"column":44},"end":{"line":60,"column":null}},"type":"cond-expr","locations":[{"start":{"line":60,"column":60},"end":{"line":60,"column":93}},{"start":{"line":60,"column":93},"end":{"line":60,"column":null}}],"line":60},"10":{"loc":{"start":{"line":64,"column":10},"end":{"line":64,"column":null}},"type":"binary-expr","locations":[{"start":{"line":64,"column":24},"end":{"line":64,"column":46}},{"start":{"line":64,"column":46},"end":{"line":64,"column":61}},{"start":{"line":64,"column":61},"end":{"line":64,"column":null}}],"line":64},"11":{"loc":{"start":{"line":71,"column":25},"end":{"line":71,"column":null}},"type":"cond-expr","locations":[{"start":{"line":71,"column":38},"end":{"line":71,"column":49}},{"start":{"line":71,"column":49},"end":{"line":71,"column":null}}],"line":71},"12":{"loc":{"start":{"line":90,"column":25},"end":{"line":97,"column":null}},"type":"binary-expr","locations":[{"start":{"line":90,"column":25},"end":{"line":90,"column":null}},{"start":{"line":91,"column":28},"end":{"line":97,"column":null}}],"line":90},"13":{"loc":{"start":{"line":99,"column":25},"end":{"line":115,"column":null}},"type":"binary-expr","locations":[{"start":{"line":99,"column":25},"end":{"line":99,"column":null}},{"start":{"line":100,"column":29},"end":{"line":115,"column":null}}],"line":99},"14":{"loc":{"start":{"line":103,"column":36},"end":{"line":105,"column":null}},"type":"cond-expr","locations":[{"start":{"line":104,"column":42},"end":{"line":104,"column":null}},{"start":{"line":105,"column":42},"end":{"line":105,"column":null}}],"line":103},"15":{"loc":{"start":{"line":103,"column":36},"end":{"line":103,"column":null}},"type":"binary-expr","locations":[{"start":{"line":103,"column":36},"end":{"line":103,"column":53}},{"start":{"line":103,"column":53},"end":{"line":103,"column":null}}],"line":103},"16":{"loc":{"start":{"line":110,"column":33},"end":{"line":113,"column":null}},"type":"cond-expr","locations":[{"start":{"line":111,"column":36},"end":{"line":111,"column":null}},{"start":{"line":113,"column":36},"end":{"line":113,"column":null}}],"line":110}},"s":{"0":32,"1":32,"2":32,"3":32,"4":13,"5":19,"6":19,"7":1,"8":1,"9":1,"10":16,"11":19,"12":19,"13":1,"14":1,"15":1,"16":16,"17":19,"18":32},"f":{"0":32,"1":19,"2":19},"b":{"0":[32],"1":[32],"2":[32],"3":[32,19],"4":[32,19],"5":[13,19],"6":[1,1,1,16,16],"7":[2,14],"8":[1,1,1,16,16],"9":[2,14],"10":[19,3,16],"11":[14,5],"12":[32,11],"13":[32,8],"14":[1,7],"15":[8,1],"16":[2,6]},"meta":{"lastBranch":17,"lastFunction":3,"lastStatement":19,"seen":{"f:22:24:22:36":0,"b:26:11:26:Infinity":0,"b:31:20:31:Infinity":1,"b:32:16:32:Infinity":2,"s:35:14:35:Infinity":0,"s:36:29:36:Infinity":1,"b:36:29:36:44:36:44:36:Infinity":3,"s:37:28:37:Infinity":2,"b:37:28:37:42:37:42:37:Infinity":4,"b:39:4:39:Infinity:undefined:undefined:undefined:undefined":5,"s:39:4:39:Infinity":3,"s:39:17:39:Infinity":4,"s:41:20:53:Infinity":5,"f:41:20:41:26":1,"b:43:12:44:Infinity:45:12:46:Infinity:47:12:48:Infinity:49:12:49:Infinity:50:12:51:Infinity":6,"s:42:8:52:Infinity":6,"s:44:16:44:Infinity":7,"s:46:16:46:Infinity":8,"s:48:16:48:Infinity":9,"s:51:16:51:Infinity":10,"b:51:39:51:92:51:92:51:Infinity":7,"s:55:22:62:Infinity":11,"f:55:22:55:28":2,"b:57:12:57:Infinity:58:12:58:Infinity:59:12:59:Infinity:60:12:60:28:60:28:60:Infinity":8,"s:56:8:61:Infinity":12,"s:57:28:57:Infinity":13,"s:58:26:58:Infinity":14,"s:59:25:59:Infinity":15,"s:60:37:60:Infinity":16,"b:60:60:60:93:60:93:60:Infinity":9,"s:64:10:64:Infinity":17,"b:64:24:64:46:64:46:64:61:64:61:64:Infinity":10,"s:66:4:122:Infinity":18,"b:71:38:71:49:71:49:71:Infinity":11,"b:90:25:90:Infinity:91:28:97:Infinity":12,"b:99:25:99:Infinity:100:29:115:Infinity":13,"b:104:42:104:Infinity:105:42:105:Infinity":14,"b:103:36:103:53:103:53:103:Infinity":15,"b:111:36:111:Infinity:113:36:113:Infinity":16}}}
[...]
178,"f:523:29:523:35":41,"s:524:24:524:Infinity":179,"s:525:24:525:Infinity":180,"b:528:46:528:53:528:53:528:Infinity":72,"b:530:17:530:Infinity:531:20:548:Infinity":73,"b:532:24:539:Infinity:541:24:548:Infinity":74,"f:534:37:534:43":42,"s:534:43:534:Infinity":181,"b:538:54:538:61:538:61:538:Infinity":75,"f:543:37:543:43":43,"s:543:43:543:Infinity":182,"b:544:38:544:67:544:67:544:Infinity":76,"b:545:39:545:68:545:68:545:Infinity":77,"b:547:54:547:61:547:61:547:Infinity":78,"b:554:9:554:Infinity:555:12:622:Infinity":79,"b:586:17:586:43:586:43:586:Infinity:587:20:601:Infinity":80,"f:590:56:590:57":44,"s:591:32:598:Infinity":183,"f:616:33:616:39":45,"s:616:39:616:Infinity":184,"f:628:17:628:23":46,"s:628:23:628:Infinity":185,"b:629:34:629:47:629:47:629:Infinity":81,"b:634:31:634:82:634:82:634:Infinity":82,"b:634:56:634:65:634:65:634:82":83,"b:634:107:634:116:634:116:634:Infinity":84,"b:637:12:655:Infinity:657:12:674:Infinity":85,"b:640:20:640:Infinity:641:20:641:Infinity":86,"b:640:28:640:52:640:52:640:54":87,"b:641:34:641:58:641:58:641:60":88,"b:648:48:648:57:648:57:648:Infinity":89,"b:652:20:652:Infinity:653:20:653:Infinity":90,"b:660:20:660:Infinity:661:20:661:Infinity":91,"b:664:46:664:68:664:68:664:110":92,"b:665:46:665:70:665:70:665:112":93,"b:666:46:666:65:666:65:666:100":94,"b:667:46:667:57:667:57:667:83":95,"b:671:20:671:Infinity:672:20:672:Infinity":96,"b:671:30:671:54:671:54:671:56":97,"b:672:43:672:67:672:67:672:69":98,"b:677:46:677:55:677:55:677:Infinity":99,"b:678:45:678:52:678:52:678:Infinity":100,"b:679:34:679:46:679:46:679:Infinity":101,"b:680:33:680:45:680:45:680:Infinity":102,"f:680:45:680:51":47,"s:680:51:680:Infinity":186,"b:681:29:681:38:681:38:681:Infinity":103,"b:687:40:687:49:687:49:687:Infinity":104,"b:692:18:692:Infinity:693:18:693:Infinity":105,"b:692:27:692:53:692:53:692:55":106,"b:693:56:693:82:693:82:693:84":107,"b:696:40:696:53:696:53:696:Infinity":108,"b:700:46:700:53:700:53:700:Infinity":109,"b:701:45:701:52:701:52:701:Infinity":110,"f:703:18:703:24":48,"s:703:24:703:Infinity":187}}}
,"D:\\LHA\\skills-manager-client\\src\\store\\useToastStore.ts": {"path":"D:\\LHA\\skills-manager-client\\src\\store\\useToastStore.ts","statementMap":{"0":{"start":{"line":18,"column":13},"end":{"line":31,"column":null}},"1":{"start":{"line":18,"column":58},"end":{"line":31,"column":2}},"2":{"start":{"line":21,"column":19},"end":{"line":21,"column":null}},"3":{"start":{"line":22,"column":8},"end":{"line":24,"column":null}},"4":{"start":{"line":22,"column":24},"end":{"line":24,"column":10}},"5":{"start":{"line":27,"column":8},"end":{"line":29,"column":null}},"6":{"start":{"line":27,"column":24},"end":{"line":29,"column":10}},"7":{"start":{"line":28,"column":47},"end":{"line":28,"column":58}},"8":{"start":{"line":34,"column":21},"end":{"line":39,"column":null}},"9":{"start":{"line":35,"column":53},"end":{"line":35,"column":null}},"10":{"start":{"line":36,"column":51},"end":{"line":36,"column":null}},"11":{"start":{"line":37,"column":50},"end":{"line":37,"column":null}},"12":{"start":{"line":38,"column":53},"end":{"line":38,"column":null}}},"fnMap":{"0":{"name":"(anonymous_0)","decl":{"start":{"line":18,"column":48},"end":{"line":18,"column":49}},"loc":{"start":{"line":18,"column":58},"end":{"line":31,"column":2}},"line":18},"1":{"name":"(anonymous_1)","decl":{"start":{"line":20,"column":14},"end":{"line":20,"column":15}},"loc":{"start":{"line":20,"column":59},"end":{"line":25,"column":null}},"line":20},"2":{"name":"(anonymous_2)","decl":{"start":{"line":22,"column":12},"end":{"line":22,"column":13}},"loc":{"start":{"line":22,"column":24},"end":{"line":24,"column":10}},"line":22},"3":{"name":"(anonymous_3)","decl":{"start":{"line":26,"column":17},"end":{"line":26,"column":18}},"loc":{"start":{"line":26,"column":25},"end":{"line":30,"column":null}},"line":26},"4":{"name":"(anonymous_4)","decl":{"start":{"line":27,"column":12},"end":{"line":27,"column":13}},"loc":{"start":{"line":27,"column":24},"end":{"line":29,"column":10}},"line":27},"5":{"name":"(anonymous_5)","decl":{"start":{"line":28,"column":40},"end":{"line":28,"column":41}},"loc":{"start":{"line":28,"column":47},"end":{"line":28,"column":58}},"line":28},"6":{"name":"(anonymous_6)","decl":{"start":{"line":35,"column":13},"end":{"line":35,"column":14}},"loc":{"start":{"line":35,"column":53},"end":{"line":35,"column":null}},"line":35},"7":{"name":"(anonymous_7)","decl":{"start":{"line":36,"column":11},"end":{"line":36,"column":12}},"loc":{"start":{"line":36,"column":51},"end":{"line":36,"column":null}},"line":36},"8":{"name":"(anonymous_8)","decl":{"start":{"line":37,"column":10},"end":{"line":37,"column":11}},"loc":{"start":{"line":37,"column":50},"end":{"line":37,"column":null}},"line":37},"9":{"name":"(anonymous_9)","decl":{"start":{"line":38,"column":13},"end":{"line":38,"column":14}},"loc":{"start":{"line":38,"column":53},"end":{"line":38,"column":null}},"line":38}},"branchMap":{"0":{"loc":{"start":{"line":20,"column":24},"end":{"line":20,"column":39}},"type":"default-arg","locations":[{"start":{"line":20,"column":31},"end":{"line":20,"column":39}}],"line":20},"1":{"loc":{"start":{"line":20,"column":39},"end":{"line":20,"column":59}},"type":"default-arg","locations":[{"start":{"line":20,"column":50},"end":{"line":20,"column":59}}],"line":20}},"s":{"0":2,"1":2,"2":1,"3":1,"4":1,"5":0,"6":0,"7":0,"8":2,"9":1,"10":0,"11":0,"12":0},"f":{"0":2,"1":1,"2":1,"3":0,"4":0,"5":0,"6":1,"7":0,"8":0,"9":0},"b":{"0":[1],"1":[1]},"meta":{"lastBranch":2,"lastFunction":10,"lastStatement":13,"seen":{"s:18:13:31:Infinity":0,"f:18:48:18:49":0,"s:18:58:31:2":1,"f:20:14:20:15":1,"b:20:31:20:39":0,"b:20:50:20:59":1,"s:21:19:21:Infinity":2,"s:22:8:24:Infinity":3,"f:22:12:22:13":2,"s:22:24:24:10":4,"f:26:17:26:18":3,"s:27:8:29:Infinity":5,"f:27:12:27:13":4,"s:27:24:29:10":6,"f:28:40:28:41":5,"s:28:47:28:58":7,"s:34:21:39:Infinity":8,"f:35:13:35:14":6,"s:35:53:35:Infinity":9,"f:36:11:36:12":7,"s:36:51:36:Infinity":10,"f:37:10:37:11":8,"s:37:50:37:Infinity":11,"f:38:13:38:14":9,"s:38:53:38:Infinity":12}}}
,"D:\\LHA\\skills-manager-client\\src\\utils\\cn.ts": {"path":"D:\\LHA\\skills-manager-client\\src\\utils\\cn.ts","statementMap":{"0":{"start":{"line":5,"column":2},"end":{"line":5,"column":null}}},"fnMap":{"0":{"name":"cn","decl":{"start":{"line":4,"column":16},"end":{"line":4,"column":22}},"loc":{"start":{"line":4,"column":44},"end":{"line":6,"column":null}},"line":4}},"branchMap":{},"s":{"0":836},"f":{"0":836},"b":{},"meta":{"lastBranch":0,"lastFunction":1,"lastStatement":1,"seen":{"f:4:16:4:22":0,"s:5:2:5:Infinity":0}}}
,"D:\\LHA\\skills-manager-client\\src\\utils\\i18n.ts": {"path":"D:\\LHA\\skills-manager-client\\src\\utils\\i18n.ts","statementMap":{"0":{"start":{"line":15,"column":2},"end":{"line":23,"column":null}},"1":{"start":{"line":18,"column":4},"end":{"line":18,"column":null}},"2":{"start":{"line":22,"column":4},"end":{"line":22,"column":null}}},"fnMap":{"0":{"name":"getLocalizedDescription","decl":{"start":{"line":5,"column":16},"end":{"line":5,"column":null}},"loc":{"start":{"line":14,"column":10},"end":{"line":24,"column":null}},"line":14}},"branchMap":{"0":{"loc":{"start":{"line":15,"column":2},"end":{"line":23,"column":null}},"type":"if","locations":[{"start":{"line":15,"column":2},"end":{"line":23,"column":null}},{"start":{"line":19,"column":9},"end":{"line":23,"column":null}}],"line":15},"1":{"loc":{"start":{"line":18,"column":11},"end":{"line":18,"column":null}},"type":"binary-expr","locations":[{"start":{"line":18,"column":11},"end":{"line":18,"column":35}},{"start":{"line":18,"column":35},"end":{"line":18,"column":58}},{"start":{"line":18,"column":58},"end":{"line":18,"column":82}},{"start":{"line":18,"column":82},"end":{"line":18,"column":105}},{"start":{"line":18,"column":105},"end":{"line":18,"column":null}}],"line":18},"2":{"loc":{"start":{"line":22,"column":11},"end":{"line":22,"column":null}},"type":"binary-expr","locations":[{"start":{"line":22,"column":11},"end":{"line":22,"column":35}},{"start":{"line":22,"column":35},"end":{"line":22,"column":58}},{"start":{"line":22,"column":58},"end":{"line":22,"column":null}}],"line":22}},"s":{"0":0,"1":0,"2":0},"f":{"0":0},"b":{"0":[0,0],"1":[0,0,0,0,0],"2":[0,0,0]},"meta":{"lastBranch":3,"lastFunction":1,"lastStatement":3,"seen":{"f:5:16:5:Infinity":0,"b:15:2:23:Infinity:19:9:23:Infinity":0,"s:15:2:23:Infinity":0,"s:18:4:18:Infinity":1,"b:18:11:18:35:18:35:18:58:18:58:18:82:18:82:18:105:18:105:18:Infinity":1,"s:22:4:22:Infinity":2,"b:22:11:22:35:22:35:22:58:22:58:22:Infinity":2}}}
,"D:\\LHA\\skills-manager-client\\src\\utils\\schemaInference.ts": {"path":"D:\\LHA\\skills-manager-client\\src\\utils\\schemaInference.ts","statementMap":{"0":{"start":{"line":9,"column":37},"end":{"line":48,"column":null}},"1":{"start":{"line":10,"column":31},"end":{"line":10,"column":null}},"2":{"start":{"line":12,"column":2},"end":{"line":14,"column":null}},"3":{"start":{"line":13,"column":4},"end":{"line":13,"column":null}},"4":{"start":{"line":16,"column":2},"end":{"line":45,"column":null}},"5":{"start":{"line":19,"column":4},"end":{"line":21,"column":null}},"6":{"start":{"line":20,"column":6},"end":{"line":20,"column":null}},"7":{"start":{"line":23,"column":35},"end":{"line":26,"column":null}},"8":{"start":{"line":28,"column":22},"end":{"line":28,"column":null}},"9":{"start":{"line":30,"column":4},"end":{"line":42,"column":null}},"10":{"start":{"line":31,"column":6},"end":{"line":31,"column":null}},"11":{"start":{"line":32,"column":6},"end":{"line":32,"column":null}},"12":{"start":{"line":33,"column":4},"end":{"line":42,"column":null}},"13":{"start":{"line":34,"column":6},"end":{"line":34,"column":null}},"14":{"start":{"line":35,"column":6},"end":{"line":35,"column":null}},"15":{"start":{"line":36,"column":4},"end":{"line":42,"column":null}},"16":{"start":{"line":37,"column":6},"end":{"line":37,"column":null}},"17":{"start":{"line":38,"column":6},"end":{"line":38,"column":null}},"18":{"start":{"line":41,"column":6},"end":{"line":41,"column":null}},"19":{"start":{"line":44,"column":4},"end":{"line":44,"column":null}},"20":{"start":{"line":47,"column":2},"end":{"line":47,"column":null}}},"fnMap":{"0":{"name":"(anonymous_0)","decl":{"start":{"line":9,"column":37},"end":{"line":9,"column":38}},"loc":{"start":{"line":9,"column":88},"end":{"line":48,"column":null}},"line":9},"1":{"name":"(anonymous_1)","decl":{"start":{"line":16,"column":33},"end":{"line":16,"column":34}},"loc":{"start":{"line":16,"column":51},"end":{"line":45,"column":3}},"line":16}},"branchMap":{"0":{"loc":{"start":{"line":12,"column":2},"end":{"line":14,"column":null}},"type":"if","locations":[{"start":{"line":12,"column":2},"end":{"line":14,"column":null}},{"start":{},"end":{}}],"line":12},"1":{"loc":{"start":{"line":12,"column":6},"end":{"line":12,"column":45}},"type":"binary-expr","locations":[{"start":{"line":12,"column":6},"end":{"line":12,"column":17}},{"start":{"line":12,"column":17},"end":{"line":12,"column":45}}],"line":12},"2":{"loc":{"start":{"line":19,"column":4},"end":{"line":21,"column":null}},"type":"if","locations":[{"start":{"line":19,"column":4},"end":{"line":21,"column":null}},{"start":{},"end":{}}],"line":19},"3":{"loc":{"start":{"line":19,"column":8},"end":{"line":19,"column":47}},"type":"binary-expr","locations":[{"start":{"line":19,"column":8},"end":{"line":19,"column":26}},{"start":{"line":19,"column":26},"end":{"line":19,"column":47}}],"line":19},"4":{"loc":{"start":{"line":30,"column":4},"end":{"line":42,"column":null}},"type":"if","locations":[{"start":{"line":30,"column":4},"end":{"line":42,"column":null}},{"start":{"line":33,"column":4},"end":{"line":42,"column":null}}],"line":30},"5":{"loc":{"start":{"line":33,"column":4},"end":{"line":42,"column":null}},"type":"if","locations":[{"start":{"line":33,"column":4},"end":{"line":42,"column":null}},{"start":{"line":36,"column":4},"end":{"line":42,"column":null}}],"line":33},"6":{"loc":{"start":{"line":36,"column":4},"end":{"line":42,"column":null}},"type":"if","locations":[{"start":{"line":36,"column":4},"end":{"line":42,"column":null}},{"start":{"line":39,"column":11},"end":{"line":42,"column":null}}],"line":36}},"s":{"0":1,"1":6,"2":6,"3":0,"4":6,"5":8,"6":0,"7":8,"8":8,"9":8,"10":2,"11":2,"12":6,"13":2,"14":2,"15":4,"16":2,"17":2,"18":2,"19":6,"20":6},"f":{"0":6,"1":8},"b":{"0":[0,6],"1":[6,6],"2":[0,8],"3":[8,8],"4":[2,6],"5":[2,4],"6":[2,2]},"meta":{"lastBranch":7,"lastFunction":2,"lastStatement":21,"seen":{"s:9:37:48:Infinity":0,"f:9:37:9:38":0,"s:10:31:10:Infinity":1,"b:12:2:14:Infinity:undefined:undefined:undefined:undefined":0,"s:12:2:14:Infinity":2,"b:12:6:12:17:12:17:12:45":1,"s:13:4:13:Infinity":3,"s:16:2:45:Infinity":4,"f:16:33:16:34":1,"b:19:4:21:Infinity:undefined:undefined:undefined:undefined":2,"s:19:4:21:Infinity":5,"b:19:8:19:26:19:26:19:47":3,"s:20:6:20:Infinity":6,"s:23:35:26:Infinity":7,"s:28:22:28:Infinity":8,"b:30:4:42:Infinity:33:4:42:Infinity":4,"s:30:4:42:Infinity":9,"s:31:6:31:Infinity":10,"s:32:6:32:Infinity":11,"b:33:4:42:Infinity:36:4:42:Infinity":5,"s:33:4:42:Infinity":12,"s:34:6:34:Infinity":13,"s:35:6:35:Infinity":14,"b:36:4:42:Infinity:39:11:42:Infinity":6,"s:36:4:42:Infinity":15,"s:37:6:37:Infinity":16,"s:38:6:38:Infinity":17,"s:41:6:41:Infinity":18,"s:44:4:44:Infinity":19,"s:47:2:47:Infinity":20}}}
,"D:\\LHA\\skills-manager-client\\src\\utils\\securityHelpers.ts": {"path":"D:\\LHA\\skills-manager-client\\src\\utils\\securityHelpers.ts","statementMap":{"0":{"start":{"line":8,"column":41},"end":{"line":17,"column":null}},"1":{"start":{"line":34,"column":2},"end":{"line":36,"column":null}},"2":{"start":{"line":35,"column":4},"end":{"line":35,"column":null}},"3":{"start":{"line":38,"column":2},"end":{"line":40,"column":null}},"4":{"start":{"line":39,"column":4},"end":{"line":39,"column":null}},"5":{"start":{"line":42,"column":2},"end":{"line":44,"column":null}},"6":{"start":{"line":43,"column":4},"end":{"line":43,"column":null}},"7":{"start":{"line":46,"column":2},"end":{"line":48,"column":null}},"8":{"start":{"line":47,"column":4},"end":{"line":47,"column":null}},"9":{"start":{"line":50,"column":2},"end":{"line":50,"column":null}},"10":{"start":{"line":65,"column":2},"end":{"line":67,"column":null}},"11":{"start":{"line":66,"column":4},"end":{"line":66,"column":null}},"12":{"start":{"line":69,"column":53},"end":{"line":75,"column":null}},"13":{"start":{"line":77,"column":2},"end":{"line":77,"column":null}},"14":{"start":{"line":86,"column":51},"end":{"line":92,"column":null}},"15":{"start":{"line":94,"column":2},"end":{"line":94,"column":null}},"16":{"start":{"line":103,"column":2},"end":{"line":105,"column":null}},"17":{"start":{"line":104,"column":4},"end":{"line":104,"column":null}},"18":{"start":{"line":106,"column":2},"end":{"line":106,"column":null}},"19":{"start":{"line":115,"column":2},"end":{"line":117,"column":null}},"20":{"start":{"line":116,"column":4},"end":{"line":116,"column":null}},"21":{"start":{"line":118,"column":2},"end":{"line":118,"column":null}}},"fnMap":{"0":{"name":"scoreToTrustLevel","decl":{"start":{"line":33,"column":16},"end":{"line":33,"column":34}},"loc":{"start":{"line":33,"column":62},"end":{"line":51,"column":null}},"line":33},"1":{"name":"securityLevelToTrustLevel","decl":{"start":{"line":64,"column":16},"end":{"line":64,"column":42}},"loc":{"start":{"line":64,"column":77},"end":{"line":78,"column":null}},"line":64},"2":{"name":"getTrustLevelDescription","decl":{"start":{"line":85,"column":16},"end":{"line":85,"column":41}},"loc":{"start":{"line":85,"column":68},"end":{"line":95,"column":null}},"line":85},"3":{"name":"isSafeScore","decl":{"start":{"line":102,"column":16},"end":{"line":102,"column":28}},"loc":{"start":{"line":102,"column":53},"end":{"line":107,"column":null}},"line":102},"4":{"name":"isCriticalScore","decl":{"start":{"line":114,"column":16},"end":{"line":114,"column":32}},"loc":{"start":{"line":114,"column":57},"end":{"line":119,"column":null}},"line":114}},"branchMap":{"0":{"loc":{"start":{"line":34,"column":2},"end":{"line":36,"column":null}},"type":"if","locations":[{"start":{"line":34,"column":2},"end":{"line":36,"column":null}},{"start":{},"end":{}}],"line":34},"1":{"loc":{"start":{"line":34,"column":6},"end":{"line":34,"column":45}},"type":"binary-expr","locations":[{"start":{"line":34,"column":6},"end":{"line":34,"column":29}},{"start":{"line":34,"column":29},"end":{"line":34,"column":45}}],"line":34},"2":{"loc":{"start":{"line":38,"column":2},"end":{"line":40,"column":null}},"type":"if","locations":[{"start":{"line":38,"column":2},"end":{"line":40,"column":null}},{"start":{},"end":{}}],"line":38},"3":{"loc":{"start":{"line":42,"column":2},"end":{"line":44,"column":null}},"type":"if","locations":[{"start":{"line":42,"column":2},"end":{"line":44,"column":null}},{"start":{},"end":{}}],"line":42},"4":{"loc":{"start":{"line":46,"column":2},"end":{"line":48,"column":null}},"type":"if","locations":[{"start":{"line":46,"column":2},"end":{"line":48,"column":null}},{"start":{},"end":{}}],"line":46},"5":{"loc":{"start":{"line":65,"column":2},"end":{"line":67,"column":null}},"type":"if","locations":[{"start":{"line":65,"column":2},"end":{"line":67,"column":null}},{"start":{},"end":{}}],"line":65},"6":{"loc":{"start":{"line":77,"column":9},"end":{"line":77,"column":null}},"type":"binary-expr","locations":[{"start":{"line":77,"column":9},"end":{"line":77,"column":27}},{"start":{"line":77,"column":27},"end":{"line":77,"column":null}}],"line":77},"7":{"loc":{"start":{"line":103,"column":2},"end":{"line":105,"column":null}},"type":"if","locations":[{"start":{"line":103,"column":2},"end":{"line":105,"column":null}},{"start":{},"end":{}}],"line":103},"8":{"loc":{"start":{"line":103,"column":6},"end":{"line":103,"column":45}},"type":"binary-expr","locations":[{"start":{"line":103,"column":6},"end":{"line":103,"column":29}},{"start":{"line":103,"column":29},"end":{"line":103,"column":45}}],"line":103},"9":{"loc":{"start":{"line":115,"column":2},"end":{"line":117,"column":null}},"type":"if","locations":[{"start":{"line":115,"column":2},"end":{"line":117,"column":null}},{"start":{},"end":{}}],"line":115},"10":{"loc":{"start":{"line":115,"column":6},"end":{"line":115,"column":45}},"type":"binary-expr","locations":[{"start":{"line":115,"column":6},"end":{"line":115,"column":29}},{"start":{"line":115,"column":29},"end":{"line":115,"column":45}}],"line":115}},"s":{"0":2,"1":11,"2":0,"3":11,"4":1,"5":10,"6":8,"7":2,"8":1,"9":1,"10":0,"11":0,"12":0,"13":0,"14":0,"15":0,"16":0,"17":0,"18":0,"19":0,"20":0,"21":0},"f":{"0":11,"1":0,"2":0,"3":0,"4":0},"b":{"0":[0,11],"1":[11,11],"2":[1,10],"3":[8,2],"4":[1,1],"5":[0,0],"6":[0,0],"7":[0,0],"8":[0,0],"9":[0,0],"10":[0,0]},"meta":{"lastBranch":11,"lastFunction":5,"lastStatement":22,"seen":{"s:8:41:17:Infinity":0,"f:33:16:33:34":0,"b:34:2:36:Infinity:undefined:undefined:undefined:undefined":0,"s:34:2:36:Infinity":1,"b:34:6:34:29:34:29:34:45":1,"s:35:4:35:Infinity":2,"b:38:2:40:Infinity:undefined:undefined:undefined:undefined":2,"s:38:2:40:Infinity":3,"s:39:4:39:Infinity":4,"b:42:2:44:Infinity:undefined:undefined:undefined:undefined":3,"s:42:2:44:Infinity":5,"s:43:4:43:Infinity":6,"b:46:2:48:Infinity:undefined:undefined:undefined:undefined":4,"s:46:2:48:Infinity":7,"s:47:4:47:Infinity":8,"s:50:2:50:Infinity":9,"f:64:16:64:42":1,"b:65:2:67:Infinity:undefined:undefined:undefined:undefined":5,"s:65:2:67:Infinity":10,"s:66:4:66:Infinity":11,"s:69:53:75:Infinity":12,"s:77:2:77:Infinity":13,"b:77:9:77:27:77:27:77:Infinity":6,"f:85:16:85:41":2,"s:86:51:92:Infinity":14,"s:94:2:94:Infinity":15,"f:102:16:102:28":3,"b:103:2:105:Infinity:undefined:undefined:undefined:undefined":7,"s:103:2:105:Infinity":16,"b:103:6:103:29:103:29:103:45":8,"s:104:4:104:Infinity":17,"s:106:2:106:Infinity":18,"f:114:16:114:32":4,"b:115:2:117:Infinity:undefined:undefined:undefined:undefined":9,"s:115:2:117:Infinity":19,"b:115:6:115:29:115:29:115:45":10,"s:116:4:116:Infinity":20,"s:118:2:118:Infinity":21}}}
}
